2018-03-28 16:06:59,859 tyc2 MainThread I get login
2018-03-28 16:07:13,129 tyc2 MainThread I 富奥汽车零部件股份有限公司  企业简介 1
2018-03-28 16:07:13,832 tyc2 MainThread I 富奥汽车零部件股份有限公司  高管信息 16
2018-03-28 16:07:14,610 tyc2 MainThread I 富奥汽车零部件股份有限公司  参股控股 12
2018-03-28 16:07:18,463 tyc2 MainThread I 富奥汽车零部件股份有限公司  股本变动 64
2018-03-28 16:07:22,046 tyc2 MainThread I 富奥汽车零部件股份有限公司  分红情况 44
2018-03-28 16:07:22,733 tyc2 MainThread I 富奥汽车零部件股份有限公司  主要人员 16
2018-03-28 16:07:23,193 tyc2 MainThread I 富奥汽车零部件股份有限公司  股东信息 7
2018-03-28 16:07:24,519 tyc2 MainThread I 富奥汽车零部件股份有限公司  对外投资 25
2018-03-28 16:07:27,767 tyc2 MainThread I 富奥汽车零部件股份有限公司  变更记录 20
2018-03-28 16:07:37,367 tyc2 MainThread I 富奥汽车零部件股份有限公司  企业年报 4
2018-03-28 16:07:38,673 tyc2 MainThread I 富奥汽车零部件股份有限公司  分支机构 11
2018-03-28 16:07:39,413 tyc2 MainThread I 富奥汽车零部件股份有限公司  融资历史 1
2018-03-28 16:07:40,957 tyc2 MainThread I 富奥汽车零部件股份有限公司  企业业务 1
2018-03-28 16:07:42,682 tyc2 MainThread I 富奥汽车零部件股份有限公司  法院公告 1
2018-03-28 16:07:43,436 tyc2 MainThread I 富奥汽车零部件股份有限公司  被执行人 1
2018-03-28 16:07:51,630 tyc2 MainThread I 富奥汽车零部件股份有限公司  招聘信息 25
2018-03-28 16:07:52,565 tyc2 MainThread I 富奥汽车零部件股份有限公司  税务评级 2
2018-03-28 16:08:28,279 tyc2 MainThread I 富奥汽车零部件股份有限公司  专利信息 244
2018-03-28 16:08:30,218 tyc2 MainThread I 富奥汽车零部件股份有限公司  网站备案 1
2018-03-28 16:08:30,361 tyc2 MainThread I  id OK 
2018-03-28 16:08:30,366 tyc2 MainThread I  基本信息 OK 
2018-03-28 16:08:30,731 tyc2 MainThread I  企业简介 OK 
2018-03-28 16:08:30,839 tyc2 MainThread I  高管信息 OK 
2018-03-28 16:08:30,863 tyc2 MainThread I  参股控股 OK 
2018-03-28 16:08:30,984 tyc2 MainThread I  股本变动 OK 
2018-03-28 16:08:31,545 tyc2 MainThread I  分红情况 OK 
2018-03-28 16:08:31,560 tyc2 MainThread I  主要人员 OK 
2018-03-28 16:08:31,569 tyc2 MainThread I  股东信息 OK 
2018-03-28 16:08:31,614 tyc2 MainThread I  对外投资 OK 
2018-03-28 16:08:31,872 tyc2 MainThread I  变更记录 OK 
2018-03-28 16:08:32,034 tyc2 MainThread I  企业年报 OK 
2018-03-28 16:08:32,042 tyc2 MainThread I  分支机构 OK 
2018-03-28 16:08:32,044 tyc2 MainThread I  融资历史 OK 
2018-03-28 16:08:32,268 tyc2 MainThread I  企业业务 OK 
2018-03-28 16:08:32,274 tyc2 MainThread I  法院公告 OK 
2018-03-28 16:08:32,276 tyc2 MainThread I  被执行人 OK 
2018-03-28 16:08:32,380 tyc2 MainThread I  招聘信息 OK 
2018-03-28 16:08:33,411 tyc2 MainThread I  税务评级 OK 
2018-03-28 16:08:34,142 tyc2 MainThread I  专利信息 OK 
2018-03-28 16:08:34,145 tyc2 MainThread I  网站备案 OK 
2018-03-28 16:08:35,154 tyc2 MainThread I  富奥汽车零部件股份有限公司  OK 
2018-03-28 16:08:58,691 tyc2 MainThread I 中粮地产(集团)股份有限公司  企业简介 1
2018-03-28 16:08:59,702 tyc2 MainThread I 中粮地产(集团)股份有限公司  高管信息 19
2018-03-28 16:09:02,768 tyc2 MainThread I 中粮地产(集团)股份有限公司  参股控股 50
2018-03-28 16:09:05,929 tyc2 MainThread I 中粮地产(集团)股份有限公司  股本变动 60
2018-03-28 16:09:08,536 tyc2 MainThread I 中粮地产(集团)股份有限公司  分红情况 45
2018-03-28 16:09:09,171 tyc2 MainThread I 中粮地产(集团)股份有限公司  主要人员 12
2018-03-28 16:09:09,690 tyc2 MainThread I 中粮地产(集团)股份有限公司  股东信息 2
2018-03-28 16:09:13,468 tyc2 MainThread I 中粮地产(集团)股份有限公司  对外投资 62
2018-03-28 16:09:16,653 tyc2 MainThread I 中粮地产(集团)股份有限公司  变更记录 43
2018-03-28 16:09:21,674 tyc2 MainThread I 中粮地产(集团)股份有限公司  企业年报 3
2018-03-28 16:09:21,990 tyc2 MainThread I 中粮地产(集团)股份有限公司  分支机构 4
2018-03-28 16:09:22,340 tyc2 MainThread I 中粮地产(集团)股份有限公司  融资历史 1
2018-03-28 16:09:23,380 tyc2 MainThread I 中粮地产(集团)股份有限公司  企业业务 1
2018-03-28 16:09:24,473 tyc2 MainThread I 中粮地产(集团)股份有限公司  法院公告 4
2018-03-28 16:09:28,642 tyc2 MainThread I 中粮地产(集团)股份有限公司  债券信息 1
2018-03-28 16:09:29,730 tyc2 MainThread I 中粮地产(集团)股份有限公司  招聘信息 5
2018-03-28 16:09:31,451 tyc2 MainThread I 中粮地产(集团)股份有限公司  专利信息 1
2018-03-28 16:09:32,534 tyc2 MainThread I 中粮地产(集团)股份有限公司  网站备案 3
2018-03-28 16:09:32,567 tyc2 MainThread I  id OK 
2018-03-28 16:09:32,570 tyc2 MainThread I  基本信息 OK 
2018-03-28 16:09:32,574 tyc2 MainThread I  企业简介 OK 
2018-03-28 16:09:32,637 tyc2 MainThread I  高管信息 OK 
2018-03-28 16:09:32,690 tyc2 MainThread I  参股控股 OK 
2018-03-28 16:09:32,745 tyc2 MainThread I  股本变动 OK 
2018-03-28 16:09:32,847 tyc2 MainThread I  分红情况 OK 
2018-03-28 16:09:32,918 tyc2 MainThread I  主要人员 OK 
2018-03-28 16:09:32,922 tyc2 MainThread I  股东信息 OK 
2018-03-28 16:09:32,992 tyc2 MainThread I  对外投资 OK 
2018-03-28 16:09:33,022 tyc2 MainThread I  变更记录 OK 
2018-03-28 16:09:33,045 tyc2 MainThread I  企业年报 OK 
2018-03-28 16:09:33,049 tyc2 MainThread I  分支机构 OK 
2018-03-28 16:09:33,051 tyc2 MainThread I  融资历史 OK 
2018-03-28 16:09:33,054 tyc2 MainThread I  企业业务 OK 
2018-03-28 16:09:33,084 tyc2 MainThread I  法院公告 OK 
2018-03-28 16:09:33,092 tyc2 MainThread I  债券信息 OK 
2018-03-28 16:09:33,111 tyc2 MainThread I  招聘信息 OK 
2018-03-28 16:09:33,114 tyc2 MainThread I  专利信息 OK 
2018-03-28 16:09:33,119 tyc2 MainThread I  网站备案 OK 
2018-03-28 16:09:33,580 tyc2 MainThread I  中粮地产(集团)股份有限公司  OK 
2018-03-28 16:09:57,938 tyc2 MainThread I 深圳市桑达实业股份有限公司  企业简介 1
2018-03-28 16:10:01,257 tyc2 MainThread I 深圳市桑达实业股份有限公司  主要人员 14
2018-03-28 16:10:01,486 tyc2 MainThread I 深圳市桑达实业股份有限公司  股东信息 2
2018-03-28 16:10:02,600 tyc2 MainThread I 深圳市桑达实业股份有限公司  对外投资 30
2018-03-28 16:10:13,196 tyc2 MainThread I 深圳市桑达实业股份有限公司  变更记录 84
2018-03-28 16:10:19,980 tyc2 MainThread I 深圳市桑达实业股份有限公司  企业年报 3
2018-03-28 16:10:20,641 tyc2 MainThread I 深圳市桑达实业股份有限公司  分支机构 7
2018-03-28 16:10:21,344 tyc2 MainThread I 深圳市桑达实业股份有限公司  融资历史 1
2018-03-28 16:10:22,783 tyc2 MainThread I 深圳市桑达实业股份有限公司  企业业务 1
2018-03-28 16:10:32,594 tyc2 MainThread I 深圳市桑达实业股份有限公司  招聘信息 26
2018-03-28 16:10:33,055 tyc2 MainThread I 深圳市桑达实业股份有限公司  税务评级 1
2018-03-28 16:10:48,775 tyc2 MainThread I 深圳市桑达实业股份有限公司  专利信息 110
2018-03-28 16:10:52,574 tyc2 MainThread I 深圳市桑达实业股份有限公司  著作权 26
2018-03-28 16:10:53,272 tyc2 MainThread I 深圳市桑达实业股份有限公司  网站备案 1
2018-03-28 16:10:53,293 tyc2 MainThread I  id OK 
2018-03-28 16:10:53,324 tyc2 MainThread I  基本信息 OK 
2018-03-28 16:10:53,328 tyc2 MainThread I  企业简介 OK 
2018-03-28 16:10:53,336 tyc2 MainThread I  主要人员 OK 
2018-03-28 16:10:53,339 tyc2 MainThread I  股东信息 OK 
2018-03-28 16:10:53,380 tyc2 MainThread I  对外投资 OK 
2018-03-28 16:10:53,431 tyc2 MainThread I  变更记录 OK 
2018-03-28 16:10:53,450 tyc2 MainThread I  企业年报 OK 
2018-03-28 16:10:53,457 tyc2 MainThread I  分支机构 OK 
2018-03-28 16:10:53,459 tyc2 MainThread I  融资历史 OK 
2018-03-28 16:10:53,461 tyc2 MainThread I  企业业务 OK 
2018-03-28 16:10:53,563 tyc2 MainThread I  招聘信息 OK 
2018-03-28 16:10:53,566 tyc2 MainThread I  税务评级 OK 
2018-03-28 16:10:53,726 tyc2 MainThread I  专利信息 OK 
2018-03-28 16:10:53,838 tyc2 MainThread I  著作权 OK 
2018-03-28 16:10:53,841 tyc2 MainThread I  网站备案 OK 
2018-03-28 16:10:54,369 tyc2 MainThread I  深圳市桑达实业股份有限公司  OK 
2018-03-28 16:11:15,980 tyc2 MainThread I 神州数码集团股份有限公司  企业简介 1
2018-03-28 16:11:16,754 tyc2 MainThread I 神州数码集团股份有限公司  高管信息 18
2018-03-28 16:11:19,709 tyc2 MainThread I 神州数码集团股份有限公司  参股控股 39
2018-03-28 16:11:24,030 tyc2 MainThread I 神州数码集团股份有限公司  股本变动 65
2018-03-28 16:11:28,085 tyc2 MainThread I 神州数码集团股份有限公司  分红情况 46
2018-03-28 16:11:28,898 tyc2 MainThread I 神州数码集团股份有限公司  主要人员 11
2018-03-28 16:11:29,615 tyc2 MainThread I 神州数码集团股份有限公司  股东信息 2
2018-03-28 16:11:30,376 tyc2 MainThread I 神州数码集团股份有限公司  对外投资 6
2018-03-28 16:11:47,686 tyc2 MainThread I 神州数码集团股份有限公司  变更记录 104
2018-03-28 16:11:54,055 tyc2 MainThread I 神州数码集团股份有限公司  企业年报 3
2018-03-28 16:11:54,413 tyc2 MainThread I 神州数码集团股份有限公司  分支机构 1
2018-03-28 16:11:54,781 tyc2 MainThread I 神州数码集团股份有限公司  融资历史 4
2018-03-28 16:11:55,259 tyc2 MainThread I 神州数码集团股份有限公司  核心团队 2
2018-03-28 16:11:55,624 tyc2 MainThread I 神州数码集团股份有限公司  企业业务 1
2018-03-28 16:11:56,767 tyc2 MainThread I 神州数码集团股份有限公司  被执行人 1
2018-03-28 16:12:00,147 tyc2 MainThread I 神州数码集团股份有限公司  招投标 1
2018-03-28 16:12:16,933 tyc2 MainThread I 神州数码集团股份有限公司  招聘信息 162
2018-03-28 16:12:20,012 tyc2 MainThread I  id OK 
2018-03-28 16:12:20,017 tyc2 MainThread I  基本信息 OK 
2018-03-28 16:12:20,022 tyc2 MainThread I  企业简介 OK 
2018-03-28 16:12:20,099 tyc2 MainThread I  高管信息 OK 
2018-03-28 16:12:20,158 tyc2 MainThread I  参股控股 OK 
2018-03-28 16:12:20,215 tyc2 MainThread I  股本变动 OK 
2018-03-28 16:12:20,303 tyc2 MainThread I  分红情况 OK 
2018-03-28 16:12:20,330 tyc2 MainThread I  主要人员 OK 
2018-03-28 16:12:20,334 tyc2 MainThread I  股东信息 OK 
2018-03-28 16:12:20,346 tyc2 MainThread I  对外投资 OK 
2018-03-28 16:12:20,455 tyc2 MainThread I  变更记录 OK 
2018-03-28 16:12:20,484 tyc2 MainThread I  企业年报 OK 
2018-03-28 16:12:20,486 tyc2 MainThread I  分支机构 OK 
2018-03-28 16:12:20,492 tyc2 MainThread I  融资历史 OK 
2018-03-28 16:12:20,495 tyc2 MainThread I  核心团队 OK 
2018-03-28 16:12:20,500 tyc2 MainThread I  企业业务 OK 
2018-03-28 16:12:20,504 tyc2 MainThread I  被执行人 OK 
2018-03-28 16:12:20,512 tyc2 MainThread I  招投标 OK 
2018-03-28 16:12:21,145 tyc2 MainThread I  招聘信息 OK 
2018-03-28 16:12:22,190 tyc2 MainThread I  神州数码集团股份有限公司  OK 
2018-03-28 16:12:46,523 tyc2 MainThread I 中国天楹股份有限公司  企业简介 1
2018-03-28 16:12:47,544 tyc2 MainThread I 中国天楹股份有限公司  高管信息 18
2018-03-28 16:12:50,615 tyc2 MainThread I 中国天楹股份有限公司  参股控股 50
2018-03-28 16:12:53,286 tyc2 MainThread I 中国天楹股份有限公司  股本变动 58
2018-03-28 16:12:56,244 tyc2 MainThread I 中国天楹股份有限公司  分红情况 45
2018-03-28 16:12:56,667 tyc2 MainThread I 中国天楹股份有限公司  主要人员 10
2018-03-28 16:12:57,010 tyc2 MainThread I 中国天楹股份有限公司  股东信息 4
2018-03-28 16:12:57,392 tyc2 MainThread I 中国天楹股份有限公司  对外投资 11
2018-03-28 16:12:58,921 tyc2 MainThread I 中国天楹股份有限公司  变更记录 14
2018-03-28 16:13:06,425 tyc2 MainThread I 中国天楹股份有限公司  企业年报 4
2018-03-28 16:13:06,821 tyc2 MainThread I 中国天楹股份有限公司  分支机构 1
2018-03-28 16:13:07,232 tyc2 MainThread I 中国天楹股份有限公司  融资历史 3
2018-03-28 16:13:08,127 tyc2 MainThread I 中国天楹股份有限公司  企业业务 1
2018-03-28 16:13:18,282 tyc2 MainThread I 中国天楹股份有限公司  招投标 12
2018-03-28 16:13:18,819 tyc2 MainThread I 中国天楹股份有限公司  债券信息 1
2018-03-28 16:13:50,437 tyc2 MainThread I 中国天楹股份有限公司  招聘信息 400
2018-03-28 16:13:50,950 tyc2 MainThread I 中国天楹股份有限公司  税务评级 1
2018-03-28 16:13:52,896 tyc2 MainThread I 中国天楹股份有限公司  专利信息 11
2018-03-28 16:13:54,095 tyc2 MainThread I 中国天楹股份有限公司  网站备案 1
2018-03-28 16:13:54,158 tyc2 MainThread I  id OK 
2018-03-28 16:13:54,162 tyc2 MainThread I  基本信息 OK 
2018-03-28 16:13:54,198 tyc2 MainThread I  企业简介 OK 
2018-03-28 16:13:54,254 tyc2 MainThread I  高管信息 OK 
2018-03-28 16:13:54,303 tyc2 MainThread I  参股控股 OK 
2018-03-28 16:13:54,345 tyc2 MainThread I  股本变动 OK 
2018-03-28 16:13:54,432 tyc2 MainThread I  分红情况 OK 
2018-03-28 16:13:54,438 tyc2 MainThread I  主要人员 OK 
2018-03-28 16:13:54,442 tyc2 MainThread I  股东信息 OK 
2018-03-28 16:13:54,455 tyc2 MainThread I  对外投资 OK 
2018-03-28 16:13:54,466 tyc2 MainThread I  变更记录 OK 
2018-03-28 16:13:54,505 tyc2 MainThread I  企业年报 OK 
2018-03-28 16:13:54,508 tyc2 MainThread I  分支机构 OK 
2018-03-28 16:13:54,512 tyc2 MainThread I  融资历史 OK 
2018-03-28 16:13:54,524 tyc2 MainThread I  企业业务 OK 
2018-03-28 16:13:54,547 tyc2 MainThread I  招投标 OK 
2018-03-28 16:13:54,554 tyc2 MainThread I  债券信息 OK 
2018-03-28 16:13:56,088 tyc2 MainThread I  招聘信息 OK 
2018-03-28 16:13:56,090 tyc2 MainThread I  税务评级 OK 
2018-03-28 16:13:56,099 tyc2 MainThread I  专利信息 OK 
2018-03-28 16:13:56,102 tyc2 MainThread I  网站备案 OK 
2018-03-28 16:13:57,810 tyc2 MainThread I  中国天楹股份有限公司  OK 
2018-03-28 16:14:19,513 tyc2 MainThread I 华联控股股份有限公司  企业简介 1
2018-03-28 16:14:21,395 tyc2 MainThread I 华联控股股份有限公司  主要人员 14
2018-03-28 16:14:21,543 tyc2 MainThread I 华联控股股份有限公司  股东信息 2
2018-03-28 16:14:22,252 tyc2 MainThread I 华联控股股份有限公司  对外投资 21
2018-03-28 16:14:33,283 tyc2 MainThread I 华联控股股份有限公司  变更记录 82
2018-03-28 16:14:38,958 tyc2 MainThread D 200 https://antirobot.tianyancha.com/captcha/verify?return_url=https%3A%2F%2Fwww.tianyancha.com%2FreportContent%2F9843256%2F2014&rnd=
2018-03-28 16:14:38,959 tyc2 MainThread W wait_for_verify start
2018-03-28 16:14:51,793 tyc2 MainThread W wait_for_verify OK
2018-03-28 16:14:54,523 tyc2 MainThread I 华联控股股份有限公司  企业年报 3
2018-03-28 16:14:54,818 tyc2 MainThread I 华联控股股份有限公司  分支机构 2
2018-03-28 16:14:55,087 tyc2 MainThread I 华联控股股份有限公司  融资历史 1
2018-03-28 16:14:55,840 tyc2 MainThread I 华联控股股份有限公司  企业业务 1
2018-03-28 16:14:59,516 tyc2 MainThread I 华联控股股份有限公司  抽查检查 1
2018-03-28 16:15:00,180 tyc2 MainThread I 华联控股股份有限公司  网站备案 1
2018-03-28 16:15:00,268 tyc2 MainThread I  id OK 
2018-03-28 16:15:00,270 tyc2 MainThread I  基本信息 OK 
2018-03-28 16:15:00,273 tyc2 MainThread I  企业简介 OK 
2018-03-28 16:15:00,278 tyc2 MainThread I  主要人员 OK 
2018-03-28 16:15:00,280 tyc2 MainThread I  股东信息 OK 
2018-03-28 16:15:00,294 tyc2 MainThread I  对外投资 OK 
2018-03-28 16:15:00,327 tyc2 MainThread I  变更记录 OK 
2018-03-28 16:15:00,345 tyc2 MainThread I  企业年报 OK 
2018-03-28 16:15:00,347 tyc2 MainThread I  分支机构 OK 
2018-03-28 16:15:00,349 tyc2 MainThread I  融资历史 OK 
2018-03-28 16:15:00,350 tyc2 MainThread I  企业业务 OK 
2018-03-28 16:15:00,352 tyc2 MainThread I  抽查检查 OK 
2018-03-28 16:15:00,354 tyc2 MainThread I  网站备案 OK 
2018-03-28 16:15:00,454 tyc2 MainThread I  华联控股股份有限公司  OK 
2018-03-28 16:15:21,796 tyc2 MainThread I 深圳南山热电股份有限公司  企业简介 1
2018-03-28 16:15:23,112 tyc2 MainThread I 深圳南山热电股份有限公司  高管信息 26
2018-03-28 16:15:23,795 tyc2 MainThread I 深圳南山热电股份有限公司  参股控股 11
2018-03-28 16:15:26,920 tyc2 MainThread I 深圳南山热电股份有限公司  股本变动 54
2018-03-28 16:15:29,922 tyc2 MainThread I 深圳南山热电股份有限公司  分红情况 44
2018-03-28 16:15:30,330 tyc2 MainThread I 深圳南山热电股份有限公司  主要人员 14
2018-03-28 16:15:30,709 tyc2 MainThread I 深圳南山热电股份有限公司  股东信息 2
2018-03-28 16:15:31,073 tyc2 MainThread I 深圳南山热电股份有限公司  对外投资 13
2018-03-28 16:15:43,860 tyc2 MainThread I 深圳南山热电股份有限公司  变更记录 82
2018-03-28 16:15:50,122 tyc2 MainThread I 深圳南山热电股份有限公司  企业年报 3
2018-03-28 16:15:50,525 tyc2 MainThread I 深圳南山热电股份有限公司  分支机构 1
2018-03-28 16:15:50,932 tyc2 MainThread I 深圳南山热电股份有限公司  融资历史 1
2018-03-28 16:15:51,704 tyc2 MainThread I 深圳南山热电股份有限公司  企业业务 1
2018-03-28 16:15:56,453 tyc2 MainThread I 深圳南山热电股份有限公司  招聘信息 14
2018-03-28 16:15:57,042 tyc2 MainThread I 深圳南山热电股份有限公司  税务评级 1
2018-03-28 16:15:59,014 tyc2 MainThread I 深圳南山热电股份有限公司  网站备案 1
2018-03-28 16:15:59,044 tyc2 MainThread I  id OK 
2018-03-28 16:15:59,048 tyc2 MainThread I  基本信息 OK 
2018-03-28 16:15:59,051 tyc2 MainThread I  企业简介 OK 
2018-03-28 16:15:59,138 tyc2 MainThread I  高管信息 OK 
2018-03-28 16:15:59,188 tyc2 MainThread I  参股控股 OK 
2018-03-28 16:15:59,229 tyc2 MainThread I  股本变动 OK 
2018-03-28 16:15:59,334 tyc2 MainThread I  分红情况 OK 
2018-03-28 16:15:59,343 tyc2 MainThread I  主要人员 OK 
2018-03-28 16:15:59,383 tyc2 MainThread I  股东信息 OK 
2018-03-28 16:15:59,400 tyc2 MainThread I  对外投资 OK 
2018-03-28 16:15:59,452 tyc2 MainThread I  变更记录 OK 
2018-03-28 16:15:59,488 tyc2 MainThread I  企业年报 OK 
2018-03-28 16:15:59,520 tyc2 MainThread I  分支机构 OK 
2018-03-28 16:15:59,523 tyc2 MainThread I  融资历史 OK 
2018-03-28 16:15:59,525 tyc2 MainThread I  企业业务 OK 
2018-03-28 16:15:59,577 tyc2 MainThread I  招聘信息 OK 
2018-03-28 16:15:59,598 tyc2 MainThread I  税务评级 OK 
2018-03-28 16:15:59,602 tyc2 MainThread I  网站备案 OK 
2018-03-28 16:16:00,038 tyc2 MainThread I  深圳南山热电股份有限公司  OK 
2018-03-28 16:16:21,510 tyc2 MainThread I 深圳大通实业股份有限公司  企业简介 1
2018-03-28 16:16:22,123 tyc2 MainThread I 深圳大通实业股份有限公司  高管信息 14
2018-03-28 16:16:22,913 tyc2 MainThread I 深圳大通实业股份有限公司  参股控股 17
2018-03-28 16:16:26,101 tyc2 MainThread I 深圳大通实业股份有限公司  股本变动 55
2018-03-28 16:16:29,231 tyc2 MainThread I 深圳大通实业股份有限公司  分红情况 44
2018-03-28 16:16:29,624 tyc2 MainThread I 深圳大通实业股份有限公司  主要人员 13
2018-03-28 16:16:29,938 tyc2 MainThread I 深圳大通实业股份有限公司  股东信息 2
2018-03-28 16:16:30,259 tyc2 MainThread I 深圳大通实业股份有限公司  对外投资 15
2018-03-28 16:16:42,714 tyc2 MainThread I 深圳大通实业股份有限公司  变更记录 80
2018-03-28 16:16:48,016 tyc2 MainThread I 深圳大通实业股份有限公司  企业年报 3
2018-03-28 16:16:48,472 tyc2 MainThread I 深圳大通实业股份有限公司  分支机构 4
2018-03-28 16:16:48,906 tyc2 MainThread I 深圳大通实业股份有限公司  融资历史 1
2018-03-28 16:16:49,849 tyc2 MainThread I 深圳大通实业股份有限公司  企业业务 1
2018-03-28 16:16:56,091 tyc2 MainThread I 深圳大通实业股份有限公司  招聘信息 27
2018-03-28 16:16:58,965 tyc2 MainThread I 深圳大通实业股份有限公司  网站备案 1
2018-03-28 16:16:59,021 tyc2 MainThread I  id OK 
2018-03-28 16:16:59,024 tyc2 MainThread I  基本信息 OK 
2018-03-28 16:16:59,029 tyc2 MainThread I  企业简介 OK 
2018-03-28 16:16:59,081 tyc2 MainThread I  高管信息 OK 
2018-03-28 16:16:59,105 tyc2 MainThread I  参股控股 OK 
2018-03-28 16:16:59,144 tyc2 MainThread I  股本变动 OK 
2018-03-28 16:16:59,196 tyc2 MainThread I  分红情况 OK 
2018-03-28 16:16:59,201 tyc2 MainThread I  主要人员 OK 
2018-03-28 16:16:59,225 tyc2 MainThread I  股东信息 OK 
2018-03-28 16:16:59,247 tyc2 MainThread I  对外投资 OK 
2018-03-28 16:16:59,314 tyc2 MainThread I  变更记录 OK 
2018-03-28 16:16:59,337 tyc2 MainThread I  企业年报 OK 
2018-03-28 16:16:59,355 tyc2 MainThread I  分支机构 OK 
2018-03-28 16:16:59,357 tyc2 MainThread I  融资历史 OK 
2018-03-28 16:16:59,359 tyc2 MainThread I  企业业务 OK 
2018-03-28 16:16:59,448 tyc2 MainThread I  招聘信息 OK 
2018-03-28 16:16:59,451 tyc2 MainThread I  网站备案 OK 
2018-03-28 16:16:59,939 tyc2 MainThread I  深圳大通实业股份有限公司  OK 
2018-03-28 16:17:23,921 tyc2 MainThread I 中国国际海运集装箱(集团)股份有限公司  企业简介 1
2018-03-28 16:17:24,554 tyc2 MainThread I 中国国际海运集装箱(集团)股份有限公司  高管信息 20
2018-03-28 16:17:27,289 tyc2 MainThread I 中国国际海运集装箱(集团)股份有限公司  参股控股 50
2018-03-28 16:17:31,746 tyc2 MainThread I 中国国际海运集装箱(集团)股份有限公司  股本变动 80
2018-03-28 16:17:34,611 tyc2 MainThread I 中国国际海运集装箱(集团)股份有限公司  分红情况 43
2018-03-28 16:17:35,011 tyc2 MainThread I 中国国际海运集装箱(集团)股份有限公司  主要人员 12
2018-03-28 16:17:35,334 tyc2 MainThread I 中国国际海运集装箱(集团)股份有限公司  股东信息 3
2018-03-28 16:17:36,864 tyc2 MainThread I 中国国际海运集装箱(集团)股份有限公司  对外投资 37
2018-03-28 16:17:45,668 tyc2 MainThread I 中国国际海运集装箱(集团)股份有限公司  变更记录 55
2018-03-28 16:17:51,649 tyc2 MainThread I 中国国际海运集装箱(集团)股份有限公司  企业年报 3
2018-03-28 16:17:52,069 tyc2 MainThread I 中国国际海运集装箱(集团)股份有限公司  分支机构 3
2018-03-28 16:17:52,437 tyc2 MainThread I 中国国际海运集装箱(集团)股份有限公司  融资历史 3
2018-03-28 16:17:53,404 tyc2 MainThread I 中国国际海运集装箱(集团)股份有限公司  企业业务 2
2018-03-28 16:17:58,458 tyc2 MainThread I 中国国际海运集装箱(集团)股份有限公司  债券信息 5
2018-03-28 16:18:04,803 tyc2 MainThread I 中国国际海运集装箱(集团)股份有限公司  招聘信息 10
2018-03-28 16:18:05,452 tyc2 MainThread I 中国国际海运集装箱(集团)股份有限公司  税务评级 1
2018-03-28 16:19:39,325 tyc2 MainThread E  中国国际海运集装箱(集团)股份有限公司  FAIL list index out of range
2018-03-28 16:19:50,117 tyc2 MainThread D 200 https://antirobot.tianyancha.com/captcha/verify?return_url=https%3A%2F%2Fwww.tianyancha.com%2Fsearch%3Fkey%3D%25E4%25B8%259C%25E6%2597%25AD%25E8%2593%259D%25E5%25A4%25A9%25E6%2596%25B0%25E8%2583%25BD%25E6%25BA%2590%25E8%2582%25A1%25E4%25BB%25BD%25E6%259C%2589%25E9%2599%2590%25E5%2585%25AC%25E5%258F%25B8%2B&rnd=
2018-03-28 16:19:50,118 tyc2 MainThread W wait_for_verify start
2018-03-28 16:20:13,409 tyc2 MainThread W wait_for_verify OK
2018-03-28 16:20:28,698 tyc2 MainThread I 东旭蓝天新能源股份有限公司  企业简介 1
2018-03-28 16:20:29,519 tyc2 MainThread I 东旭蓝天新能源股份有限公司  高管信息 20
2018-03-28 16:20:33,057 tyc2 MainThread I 东旭蓝天新能源股份有限公司  参股控股 50
2018-03-28 16:20:38,359 tyc2 MainThread I 东旭蓝天新能源股份有限公司  股本变动 64
2018-03-28 16:20:41,911 tyc2 MainThread I 东旭蓝天新能源股份有限公司  分红情况 42
2018-03-28 16:20:42,432 tyc2 MainThread I 东旭蓝天新能源股份有限公司  主要人员 14
2018-03-28 16:20:42,783 tyc2 MainThread I 东旭蓝天新能源股份有限公司  股东信息 2
2018-03-28 16:20:45,645 tyc2 MainThread I 东旭蓝天新能源股份有限公司  对外投资 52
2018-03-28 16:20:58,546 tyc2 MainThread I 东旭蓝天新能源股份有限公司  变更记录 105
2018-03-28 16:21:02,930 tyc2 MainThread I 东旭蓝天新能源股份有限公司  企业年报 3
2018-03-28 16:21:03,307 tyc2 MainThread I 东旭蓝天新能源股份有限公司  分支机构 4
2018-03-28 16:21:05,607 tyc2 MainThread I 东旭蓝天新能源股份有限公司  法院公告 4
2018-03-28 16:21:09,368 tyc2 MainThread I 东旭蓝天新能源股份有限公司  招投标 2
2018-03-28 16:21:16,268 tyc2 MainThread I 东旭蓝天新能源股份有限公司  招聘信息 77
2018-03-28 16:21:19,446 tyc2 MainThread I 东旭蓝天新能源股份有限公司  网站备案 8
2018-03-28 16:21:19,471 tyc2 MainThread I  id OK 
2018-03-28 16:21:19,512 tyc2 MainThread I  基本信息 OK 
2018-03-28 16:21:19,516 tyc2 MainThread I  企业简介 OK 
2018-03-28 16:21:19,567 tyc2 MainThread I  高管信息 OK 
2018-03-28 16:21:19,606 tyc2 MainThread I  参股控股 OK 
2018-03-28 16:21:19,645 tyc2 MainThread I  股本变动 OK 
2018-03-28 16:21:19,690 tyc2 MainThread I  分红情况 OK 
2018-03-28 16:21:19,696 tyc2 MainThread I  主要人员 OK 
2018-03-28 16:21:19,698 tyc2 MainThread I  股东信息 OK 
2018-03-28 16:21:19,741 tyc2 MainThread I  对外投资 OK 
2018-03-28 16:21:19,793 tyc2 MainThread I  变更记录 OK 
2018-03-28 16:21:19,810 tyc2 MainThread I  企业年报 OK 
2018-03-28 16:21:19,813 tyc2 MainThread I  分支机构 OK 
2018-03-28 16:21:19,843 tyc2 MainThread I  法院公告 OK 
2018-03-28 16:21:19,845 tyc2 MainThread I  招投标 OK 
2018-03-28 16:21:20,140 tyc2 MainThread I  招聘信息 OK 
2018-03-28 16:21:20,147 tyc2 MainThread I  网站备案 OK 
2018-03-28 16:21:21,086 tyc2 MainThread I  东旭蓝天新能源股份有限公司  OK 
2018-03-28 16:21:41,711 tyc2 MainThread I 深圳市中洲投资控股股份有限公司  企业简介 1
2018-03-28 16:21:42,859 tyc2 MainThread I 深圳市中洲投资控股股份有限公司  高管信息 23
2018-03-28 16:21:45,524 tyc2 MainThread I 深圳市中洲投资控股股份有限公司  参股控股 50
2018-03-28 16:21:49,229 tyc2 MainThread I 深圳市中洲投资控股股份有限公司  股本变动 64
2018-03-28 16:21:51,734 tyc2 MainThread I 深圳市中洲投资控股股份有限公司  分红情况 43
2018-03-28 16:21:52,225 tyc2 MainThread I 深圳市中洲投资控股股份有限公司  主要人员 15
2018-03-28 16:21:52,557 tyc2 MainThread I 深圳市中洲投资控股股份有限公司  股东信息 2
2018-03-28 16:21:55,849 tyc2 MainThread I 深圳市中洲投资控股股份有限公司  对外投资 62
2018-03-28 16:22:09,375 tyc2 MainThread I 深圳市中洲投资控股股份有限公司  变更记录 112
2018-03-28 16:22:14,359 tyc2 MainThread I 深圳市中洲投资控股股份有限公司  企业年报 3
2018-03-28 16:22:15,265 tyc2 MainThread I 深圳市中洲投资控股股份有限公司  融资历史 3
2018-03-28 16:22:16,079 tyc2 MainThread I 深圳市中洲投资控股股份有限公司  企业业务 1
2018-03-28 16:22:45,718 tyc2 MainThread I 深圳市中洲投资控股股份有限公司  招聘信息 301
2018-03-28 16:22:46,372 tyc2 MainThread I 深圳市中洲投资控股股份有限公司  税务评级 3
2018-03-28 16:22:48,527 tyc2 MainThread I 深圳市中洲投资控股股份有限公司  网站备案 2
2018-03-28 16:22:48,570 tyc2 MainThread I  id OK 
2018-03-28 16:22:48,573 tyc2 MainThread I  基本信息 OK 
2018-03-28 16:22:48,604 tyc2 MainThread I  企业简介 OK 
2018-03-28 16:22:48,661 tyc2 MainThread I  高管信息 OK 
2018-03-28 16:22:48,699 tyc2 MainThread I  参股控股 OK 
2018-03-28 16:22:48,738 tyc2 MainThread I  股本变动 OK 
2018-03-28 16:22:48,784 tyc2 MainThread I  分红情况 OK 
2018-03-28 16:22:48,790 tyc2 MainThread I  主要人员 OK 
2018-03-28 16:22:48,793 tyc2 MainThread I  股东信息 OK 
2018-03-28 16:22:48,871 tyc2 MainThread I  对外投资 OK 
2018-03-28 16:22:49,005 tyc2 MainThread I  变更记录 OK 
2018-03-28 16:22:49,043 tyc2 MainThread I  企业年报 OK 
2018-03-28 16:22:49,049 tyc2 MainThread I  融资历史 OK 
2018-03-28 16:22:49,053 tyc2 MainThread I  企业业务 OK 
2018-03-28 16:22:50,039 tyc2 MainThread I  招聘信息 OK 
2018-03-28 16:22:50,043 tyc2 MainThread I  税务评级 OK 
2018-03-28 16:22:50,047 tyc2 MainThread I  网站备案 OK 
2018-03-28 16:22:51,329 tyc2 MainThread I  深圳市中洲投资控股股份有限公司  OK 
2018-03-28 16:23:06,137 tyc2 MainThread D 200 https://antirobot.tianyancha.com/captcha/verify?return_url=https%3A%2F%2Fwww.tianyancha.com%2Fcompany%2F202568557&rnd=
2018-03-28 16:23:06,139 tyc2 MainThread W wait_for_verify start
2018-03-28 16:23:23,278 tyc2 MainThread W wait_for_verify OK
2018-03-28 16:23:30,372 tyc2 MainThread I 中航地产股份有限公司  企业简介 1
2018-03-28 16:23:30,999 tyc2 MainThread I 中航地产股份有限公司  高管信息 17
2018-03-28 16:23:34,760 tyc2 MainThread I 中航地产股份有限公司  参股控股 46
2018-03-28 16:23:37,463 tyc2 MainThread I 中航地产股份有限公司  股本变动 59
2018-03-28 16:23:39,909 tyc2 MainThread I 中航地产股份有限公司  分红情况 43
2018-03-28 16:23:40,451 tyc2 MainThread I 中航地产股份有限公司  主要人员 14
2018-03-28 16:23:40,784 tyc2 MainThread I 中航地产股份有限公司  股东信息 2
2018-03-28 16:23:42,276 tyc2 MainThread I 中航地产股份有限公司  对外投资 39
2018-03-28 16:23:52,057 tyc2 MainThread I 中航地产股份有限公司  变更记录 89
2018-03-28 16:23:56,056 tyc2 MainThread I 中航地产股份有限公司  企业年报 3
2018-03-28 16:23:57,167 tyc2 MainThread I 中航地产股份有限公司  融资历史 2
2018-03-28 16:23:58,078 tyc2 MainThread I 中航地产股份有限公司  企业业务 1
2018-03-28 16:24:10,967 tyc2 MainThread I 中航地产股份有限公司  招聘信息 113
2018-03-28 16:24:14,155 tyc2 MainThread I 中航地产股份有限公司  网站备案 2
2018-03-28 16:24:14,219 tyc2 MainThread I  id OK 
2018-03-28 16:24:14,222 tyc2 MainThread I  基本信息 OK 
2018-03-28 16:24:14,226 tyc2 MainThread I  企业简介 OK 
2018-03-28 16:24:14,280 tyc2 MainThread I  高管信息 OK 
2018-03-28 16:24:14,325 tyc2 MainThread I  参股控股 OK 
2018-03-28 16:24:14,369 tyc2 MainThread I  股本变动 OK 
2018-03-28 16:24:14,426 tyc2 MainThread I  分红情况 OK 
2018-03-28 16:24:14,432 tyc2 MainThread I  主要人员 OK 
2018-03-28 16:24:14,442 tyc2 MainThread I  股东信息 OK 
2018-03-28 16:24:14,507 tyc2 MainThread I  对外投资 OK 
2018-03-28 16:24:14,599 tyc2 MainThread I  变更记录 OK 
2018-03-28 16:24:14,637 tyc2 MainThread I  企业年报 OK 
2018-03-28 16:24:14,643 tyc2 MainThread I  融资历史 OK 
2018-03-28 16:24:14,646 tyc2 MainThread I  企业业务 OK 
2018-03-28 16:24:15,062 tyc2 MainThread I  招聘信息 OK 
2018-03-28 16:24:15,066 tyc2 MainThread I  网站备案 OK 
2018-03-28 16:24:15,849 tyc2 MainThread I  中航地产股份有限公司  OK 
2018-03-28 16:24:32,308 tyc2 MainThread E  深圳市纺织(集团)股份有限公司  FAIL 'NoneType' object has no attribute 'find'
2018-03-28 16:24:53,142 tyc2 MainThread I 泛海控股股份有限公司  企业简介 1
2018-03-28 16:24:55,401 tyc2 MainThread I 泛海控股股份有限公司  高管信息 37
2018-03-28 16:24:57,850 tyc2 MainThread I 泛海控股股份有限公司  参股控股 50
2018-03-28 16:25:01,869 tyc2 MainThread I 泛海控股股份有限公司  股本变动 74
2018-03-28 16:25:04,602 tyc2 MainThread I 泛海控股股份有限公司  分红情况 45
2018-03-28 16:25:05,691 tyc2 MainThread I 泛海控股股份有限公司  主要人员 33
2018-03-28 16:25:06,132 tyc2 MainThread I 泛海控股股份有限公司  股东信息 2
2018-03-28 16:25:06,658 tyc2 MainThread I 泛海控股股份有限公司  对外投资 15
2018-03-28 16:25:30,295 tyc2 MainThread E  泛海控股股份有限公司  FAIL list index out of range
2018-03-28 16:25:40,821 tyc2 MainThread D 200 https://antirobot.tianyancha.com/captcha/verify?return_url=https%3A%2F%2Fwww.tianyancha.com%2Fsearch%3Fkey%3D%25E6%25B7%25B1%25E5%259C%25B3%25E5%25B8%2582%25E5%25BA%25B7%25E8%25BE%25BE%25E5%25B0%2594%2528%25E9%259B%2586%25E5%259B%25A2%2529%25E8%2582%25A1%25E4%25BB%25BD%25E6%259C%2589%25E9%2599%2590%25E5%2585%25AC%25E5%258F%25B8%2B&rnd=
2018-03-28 16:25:40,822 tyc2 MainThread W wait_for_verify start
2018-03-28 16:25:53,332 tyc2 MainThread W wait_for_verify OK
2018-03-28 16:26:05,864 tyc2 MainThread I 深圳市康达尔(集团)股份有限公司  企业简介 1
2018-03-28 16:26:06,522 tyc2 MainThread I 深圳市康达尔(集团)股份有限公司  高管信息 18
2018-03-28 16:26:08,823 tyc2 MainThread I 深圳市康达尔(集团)股份有限公司  参股控股 42
2018-03-28 16:26:13,753 tyc2 MainThread I 深圳市康达尔(集团)股份有限公司  股本变动 59
2018-03-28 16:26:16,481 tyc2 MainThread I 深圳市康达尔(集团)股份有限公司  分红情况 43
2018-03-28 16:26:17,025 tyc2 MainThread I 深圳市康达尔(集团)股份有限公司  主要人员 16
2018-03-28 16:26:17,466 tyc2 MainThread I 深圳市康达尔(集团)股份有限公司  股东信息 1
2018-03-28 16:26:19,566 tyc2 MainThread I 深圳市康达尔(集团)股份有限公司  对外投资 43
2018-03-28 16:26:27,641 tyc2 MainThread I 深圳市康达尔(集团)股份有限公司  变更记录 66
2018-03-28 16:26:32,235 tyc2 MainThread I 深圳市康达尔(集团)股份有限公司  企业年报 3
2018-03-28 16:26:33,126 tyc2 MainThread I 深圳市康达尔(集团)股份有限公司  融资历史 1
2018-03-28 16:26:33,960 tyc2 MainThread I 深圳市康达尔(集团)股份有限公司  企业业务 1
2018-03-28 16:26:34,791 tyc2 MainThread I 深圳市康达尔(集团)股份有限公司  法院公告 1
2018-03-28 16:26:35,530 tyc2 MainThread I 深圳市康达尔(集团)股份有限公司  经营异常 1
2018-03-28 16:26:46,514 tyc2 MainThread I 深圳市康达尔(集团)股份有限公司  招聘信息 10
2018-03-28 16:26:50,552 tyc2 MainThread I 深圳市康达尔(集团)股份有限公司  网站备案 3
2018-03-28 16:26:50,569 tyc2 MainThread I  id OK 
2018-03-28 16:26:50,609 tyc2 MainThread I  基本信息 OK 
2018-03-28 16:26:50,614 tyc2 MainThread I  企业简介 OK 
2018-03-28 16:26:50,706 tyc2 MainThread I  高管信息 OK 
2018-03-28 16:26:50,771 tyc2 MainThread I  参股控股 OK 
2018-03-28 16:26:50,867 tyc2 MainThread I  股本变动 OK 
2018-03-28 16:26:50,993 tyc2 MainThread I  分红情况 OK 
2018-03-28 16:26:51,004 tyc2 MainThread I  主要人员 OK 
2018-03-28 16:26:51,006 tyc2 MainThread I  股东信息 OK 
2018-03-28 16:26:51,061 tyc2 MainThread I  对外投资 OK 
2018-03-28 16:26:51,119 tyc2 MainThread I  变更记录 OK 
2018-03-28 16:26:51,141 tyc2 MainThread I  企业年报 OK 
2018-03-28 16:26:51,144 tyc2 MainThread I  融资历史 OK 
2018-03-28 16:26:51,147 tyc2 MainThread I  企业业务 OK 
2018-03-28 16:26:51,157 tyc2 MainThread I  法院公告 OK 
2018-03-28 16:26:51,160 tyc2 MainThread I  经营异常 OK 
2018-03-28 16:26:51,211 tyc2 MainThread I  招聘信息 OK 
2018-03-28 16:26:51,220 tyc2 MainThread I  网站备案 OK 
2018-03-28 16:26:51,815 tyc2 MainThread I  深圳市康达尔(集团)股份有限公司  OK 
2018-03-28 16:27:11,347 tyc2 MainThread I 深圳市德赛电池科技股份有限公司  企业简介 1
2018-03-28 16:27:11,930 tyc2 MainThread I 深圳市德赛电池科技股份有限公司  高管信息 14
2018-03-28 16:27:12,196 tyc2 MainThread I 深圳市德赛电池科技股份有限公司  参股控股 6
2018-03-28 16:27:16,783 tyc2 MainThread I 深圳市德赛电池科技股份有限公司  股本变动 50
2018-03-28 16:27:19,973 tyc2 MainThread I 深圳市德赛电池科技股份有限公司  分红情况 45
2018-03-28 16:27:20,607 tyc2 MainThread I 深圳市德赛电池科技股份有限公司  主要人员 12
2018-03-28 16:27:20,969 tyc2 MainThread I 深圳市德赛电池科技股份有限公司  股东信息 1
2018-03-28 16:27:21,370 tyc2 MainThread I 深圳市德赛电池科技股份有限公司  对外投资 18
2018-03-28 16:27:35,695 tyc2 MainThread I 深圳市德赛电池科技股份有限公司  变更记录 98
2018-03-28 16:27:40,942 tyc2 MainThread I 深圳市德赛电池科技股份有限公司  企业年报 3
2018-03-28 16:27:41,985 tyc2 MainThread I 深圳市德赛电池科技股份有限公司  融资历史 1
2018-03-28 16:27:42,974 tyc2 MainThread I 深圳市德赛电池科技股份有限公司  企业业务 1
2018-03-28 16:27:44,031 tyc2 MainThread I 深圳市德赛电池科技股份有限公司  法院公告 1
2018-03-28 16:27:49,922 tyc2 MainThread I  id OK 
2018-03-28 16:27:49,956 tyc2 MainThread I  基本信息 OK 
2018-03-28 16:27:49,963 tyc2 MainThread I  企业简介 OK 
2018-03-28 16:27:50,024 tyc2 MainThread I  高管信息 OK 
2018-03-28 16:27:50,035 tyc2 MainThread I  参股控股 OK 
2018-03-28 16:27:50,082 tyc2 MainThread I  股本变动 OK 
2018-03-28 16:27:50,173 tyc2 MainThread I  分红情况 OK 
2018-03-28 16:27:50,182 tyc2 MainThread I  主要人员 OK 
2018-03-28 16:27:50,184 tyc2 MainThread I  股东信息 OK 
2018-03-28 16:27:50,206 tyc2 MainThread I  对外投资 OK 
2018-03-28 16:27:50,277 tyc2 MainThread I  变更记录 OK 
2018-03-28 16:27:50,303 tyc2 MainThread I  企业年报 OK 
2018-03-28 16:27:50,306 tyc2 MainThread I  融资历史 OK 
2018-03-28 16:27:50,309 tyc2 MainThread I  企业业务 OK 
2018-03-28 16:27:50,318 tyc2 MainThread I  法院公告 OK 
2018-03-28 16:27:50,788 tyc2 MainThread I  深圳市德赛电池科技股份有限公司  OK 
2018-03-28 16:28:11,977 tyc2 MainThread I 天马微电子股份有限公司  企业简介 1
2018-03-28 16:28:13,489 tyc2 MainThread I 天马微电子股份有限公司  高管信息 22
2018-03-28 16:28:14,215 tyc2 MainThread I 天马微电子股份有限公司  参股控股 11
2018-03-28 16:28:17,986 tyc2 MainThread I 天马微电子股份有限公司  股本变动 70
2018-03-28 16:28:21,307 tyc2 MainThread I 天马微电子股份有限公司  分红情况 43
2018-03-28 16:28:21,918 tyc2 MainThread I 天马微电子股份有限公司  主要人员 14
2018-03-28 16:28:22,412 tyc2 MainThread I 天马微电子股份有限公司  股东信息 2
2018-03-28 16:28:23,729 tyc2 MainThread I 天马微电子股份有限公司  对外投资 23
2018-03-28 16:28:45,182 tyc2 MainThread I 天马微电子股份有限公司  变更记录 138
2018-03-28 16:28:51,584 tyc2 MainThread I 天马微电子股份有限公司  企业年报 3
2018-03-28 16:28:52,301 tyc2 MainThread I 天马微电子股份有限公司  分支机构 4
2018-03-28 16:28:53,043 tyc2 MainThread I 天马微电子股份有限公司  融资历史 1
2018-03-28 16:28:54,688 tyc2 MainThread I 天马微电子股份有限公司  企业业务 1
2018-03-28 16:28:58,483 tyc2 MainThread I 天马微电子股份有限公司  经营异常 1
2018-03-28 16:29:17,387 tyc2 MainThread I 天马微电子股份有限公司  招聘信息 224
2018-03-28 16:29:18,016 tyc2 MainThread I 天马微电子股份有限公司  税务评级 2
2018-03-28 16:29:18,562 tyc2 MainThread I 天马微电子股份有限公司  抽查检查 1
2018-03-28 16:30:11,445 tyc2 MainThread E  天马微电子股份有限公司  FAIL list index out of range
2018-03-28 16:30:22,012 tyc2 MainThread D 200 https://antirobot.tianyancha.com/captcha/verify?return_url=https%3A%2F%2Fwww.tianyancha.com%2Fsearch%3Fkey%3D%25E6%2596%25B9%25E5%25A4%25A7%25E9%259B%2586%25E5%259B%25A2%25E8%2582%25A1%25E4%25BB%25BD%25E6%259C%2589%25E9%2599%2590%25E5%2585%25AC%25E5%258F%25B8%2B&rnd=
2018-03-28 16:30:22,013 tyc2 MainThread W wait_for_verify start
2018-03-28 16:30:37,355 tyc2 MainThread W wait_for_verify OK
2018-03-28 16:30:49,036 tyc2 MainThread I 方大集团股份有限公司  企业简介 1
2018-03-28 16:30:49,359 tyc2 MainThread I 方大集团股份有限公司  高管信息 11
2018-03-28 16:30:50,416 tyc2 MainThread I 方大集团股份有限公司  参股控股 27
2018-03-28 16:30:53,696 tyc2 MainThread I 方大集团股份有限公司  股本变动 60
2018-03-28 16:30:56,320 tyc2 MainThread I 方大集团股份有限公司  分红情况 44
2018-03-28 16:30:56,733 tyc2 MainThread I 方大集团股份有限公司  主要人员 10
2018-03-28 16:30:57,034 tyc2 MainThread I 方大集团股份有限公司  股东信息 2
2018-03-28 16:30:57,380 tyc2 MainThread I 方大集团股份有限公司  对外投资 13
2018-03-28 16:31:12,414 tyc2 MainThread I 方大集团股份有限公司  变更记录 108
2018-03-28 16:31:16,828 tyc2 MainThread I 方大集团股份有限公司  企业年报 3
2018-03-28 16:31:17,234 tyc2 MainThread I 方大集团股份有限公司  分支机构 5
2018-03-28 16:31:17,632 tyc2 MainThread I 方大集团股份有限公司  融资历史 1
2018-03-28 16:31:18,706 tyc2 MainThread I 方大集团股份有限公司  企业业务 1
2018-03-28 16:31:19,731 tyc2 MainThread I 方大集团股份有限公司  法院公告 1
2018-03-28 16:31:22,905 tyc2 MainThread I 方大集团股份有限公司  债券信息 1
2018-03-28 16:31:37,658 tyc2 MainThread I 方大集团股份有限公司  招聘信息 182
2018-03-28 16:31:38,514 tyc2 MainThread I 方大集团股份有限公司  税务评级 1
2018-03-28 16:32:52,550 tyc2 MainThread I 方大集团股份有限公司  专利信息 552
2018-03-28 16:32:53,561 tyc2 MainThread I 方大集团股份有限公司  著作权 3
2018-03-28 16:32:54,322 tyc2 MainThread I 方大集团股份有限公司  网站备案 5
2018-03-28 16:32:54,555 tyc2 MainThread I  id OK 
2018-03-28 16:32:54,559 tyc2 MainThread I  基本信息 OK 
2018-03-28 16:32:54,564 tyc2 MainThread I  企业简介 OK 
2018-03-28 16:32:54,610 tyc2 MainThread I  高管信息 OK 
2018-03-28 16:32:54,642 tyc2 MainThread I  参股控股 OK 
2018-03-28 16:32:54,693 tyc2 MainThread I  股本变动 OK 
2018-03-28 16:32:54,772 tyc2 MainThread I  分红情况 OK 
2018-03-28 16:32:54,780 tyc2 MainThread I  主要人员 OK 
2018-03-28 16:32:54,788 tyc2 MainThread I  股东信息 OK 
2018-03-28 16:32:54,809 tyc2 MainThread I  对外投资 OK 
2018-03-28 16:32:54,906 tyc2 MainThread I  变更记录 OK 
2018-03-28 16:32:54,944 tyc2 MainThread I  企业年报 OK 
2018-03-28 16:32:54,958 tyc2 MainThread I  分支机构 OK 
2018-03-28 16:32:54,962 tyc2 MainThread I  融资历史 OK 
2018-03-28 16:32:54,965 tyc2 MainThread I  企业业务 OK 
2018-03-28 16:32:54,974 tyc2 MainThread I  法院公告 OK 
2018-03-28 16:32:54,984 tyc2 MainThread I  债券信息 OK 
2018-03-28 16:32:55,791 tyc2 MainThread I  招聘信息 OK 
2018-03-28 16:32:55,794 tyc2 MainThread I  税务评级 OK 
2018-03-28 16:32:56,176 tyc2 MainThread I  专利信息 OK 
2018-03-28 16:32:56,183 tyc2 MainThread I  著作权 OK 
2018-03-28 16:32:56,189 tyc2 MainThread I  网站备案 OK 
2018-03-28 16:32:57,598 tyc2 MainThread I  方大集团股份有限公司  OK 
2018-03-28 16:33:24,174 tyc2 MainThread I 深圳市皇庭国际企业股份有限公司  企业简介 1
2018-03-28 16:33:24,734 tyc2 MainThread I 深圳市皇庭国际企业股份有限公司  高管信息 15
2018-03-28 16:33:27,051 tyc2 MainThread I 深圳市皇庭国际企业股份有限公司  参股控股 34
2018-03-28 16:33:29,897 tyc2 MainThread I 深圳市皇庭国际企业股份有限公司  股本变动 50
2018-03-28 16:33:32,624 tyc2 MainThread I 深圳市皇庭国际企业股份有限公司  分红情况 42
2018-03-28 16:33:33,044 tyc2 MainThread I 深圳市皇庭国际企业股份有限公司  主要人员 14
2018-03-28 16:33:33,446 tyc2 MainThread I 深圳市皇庭国际企业股份有限公司  股东信息 2
2018-03-28 16:33:33,916 tyc2 MainThread I 深圳市皇庭国际企业股份有限公司  对外投资 20
2018-03-28 16:33:45,361 tyc2 MainThread I 深圳市皇庭国际企业股份有限公司  变更记录 75
2018-03-28 16:33:50,043 tyc2 MainThread I 深圳市皇庭国际企业股份有限公司  企业年报 3
2018-03-28 16:33:50,319 tyc2 MainThread I 深圳市皇庭国际企业股份有限公司  分支机构 1
2018-03-28 16:33:50,617 tyc2 MainThread I 深圳市皇庭国际企业股份有限公司  融资历史 2
2018-03-28 16:33:51,350 tyc2 MainThread I 深圳市皇庭国际企业股份有限公司  企业业务 1
2018-03-28 16:34:22,705 tyc2 MainThread E  深圳市皇庭国际企业股份有限公司  FAIL list index out of range
2018-03-28 16:34:33,324 tyc2 MainThread D 200 https://antirobot.tianyancha.com/captcha/verify?return_url=https%3A%2F%2Fwww.tianyancha.com%2Fsearch%3Fkey%3D%25E6%25B7%25B1%25E5%259C%25B3%25E8%25B5%259B%25E6%25A0%25BC%25E8%2582%25A1%25E4%25BB%25BD%25E6%259C%2589%25E9%2599%2590%25E5%2585%25AC%25E5%258F%25B8%2B&rnd=
2018-03-28 16:34:33,326 tyc2 MainThread W wait_for_verify start
2018-03-28 16:35:00,193 tyc2 MainThread W wait_for_verify OK
2018-03-28 16:35:12,260 tyc2 MainThread I 深圳赛格股份有限公司  企业简介 1
2018-03-28 16:35:12,911 tyc2 MainThread I 深圳赛格股份有限公司  高管信息 16
2018-03-28 16:35:15,124 tyc2 MainThread I 深圳赛格股份有限公司  参股控股 33
2018-03-28 16:35:18,458 tyc2 MainThread I 深圳赛格股份有限公司  股本变动 53
2018-03-28 16:35:22,466 tyc2 MainThread I 深圳赛格股份有限公司  分红情况 42
2018-03-28 16:35:23,070 tyc2 MainThread I 深圳赛格股份有限公司  主要人员 14
2018-03-28 16:35:23,497 tyc2 MainThread I 深圳赛格股份有限公司  股东信息 3
2018-03-28 16:35:26,352 tyc2 MainThread I 深圳赛格股份有限公司  对外投资 44
2018-03-28 16:35:37,956 tyc2 MainThread I 深圳赛格股份有限公司  变更记录 76
2018-03-28 16:35:43,677 tyc2 MainThread I 深圳赛格股份有限公司  企业年报 3
2018-03-28 16:35:44,263 tyc2 MainThread I 深圳赛格股份有限公司  分支机构 5
2018-03-28 16:35:44,743 tyc2 MainThread I 深圳赛格股份有限公司  融资历史 1
2018-03-28 16:35:45,769 tyc2 MainThread I 深圳赛格股份有限公司  企业业务 1
2018-03-28 16:35:46,798 tyc2 MainThread I 深圳赛格股份有限公司  法院公告 1
2018-03-28 16:35:47,220 tyc2 MainThread I 深圳赛格股份有限公司  被执行人 1
2018-03-28 16:35:49,831 tyc2 MainThread I 深圳赛格股份有限公司  债券信息 1
2018-03-28 16:35:51,776 tyc2 MainThread I 深圳赛格股份有限公司  招聘信息 23
2018-03-28 16:35:54,986 tyc2 MainThread I 深圳赛格股份有限公司  网站备案 1
2018-03-28 16:35:55,040 tyc2 MainThread I  id OK 
2018-03-28 16:35:55,044 tyc2 MainThread I  基本信息 OK 
2018-03-28 16:35:55,047 tyc2 MainThread I  企业简介 OK 
2018-03-28 16:35:55,096 tyc2 MainThread I  高管信息 OK 
2018-03-28 16:35:55,135 tyc2 MainThread I  参股控股 OK 
2018-03-28 16:35:55,171 tyc2 MainThread I  股本变动 OK 
2018-03-28 16:35:55,229 tyc2 MainThread I  分红情况 OK 
2018-03-28 16:35:55,236 tyc2 MainThread I  主要人员 OK 
2018-03-28 16:35:55,241 tyc2 MainThread I  股东信息 OK 
2018-03-28 16:35:55,329 tyc2 MainThread I  对外投资 OK 
2018-03-28 16:35:55,368 tyc2 MainThread I  变更记录 OK 
2018-03-28 16:35:55,388 tyc2 MainThread I  企业年报 OK 
2018-03-28 16:35:55,392 tyc2 MainThread I  分支机构 OK 
2018-03-28 16:35:55,394 tyc2 MainThread I  融资历史 OK 
2018-03-28 16:35:55,396 tyc2 MainThread I  企业业务 OK 
2018-03-28 16:35:55,405 tyc2 MainThread I  法院公告 OK 
2018-03-28 16:35:55,408 tyc2 MainThread I  被执行人 OK 
2018-03-28 16:35:55,414 tyc2 MainThread I  债券信息 OK 
2018-03-28 16:35:55,485 tyc2 MainThread I  招聘信息 OK 
2018-03-28 16:35:55,488 tyc2 MainThread I  网站备案 OK 
2018-03-28 16:35:55,902 tyc2 MainThread I  深圳赛格股份有限公司  OK 
2018-03-28 16:36:15,695 tyc2 MainThread I 北方华锦化学工业股份有限公司  企业简介 1
2018-03-28 16:36:16,067 tyc2 MainThread I 北方华锦化学工业股份有限公司  高管信息 15
2018-03-28 16:36:16,157 tyc2 MainThread I 北方华锦化学工业股份有限公司  参股控股 5
2018-03-28 16:36:18,604 tyc2 MainThread I 北方华锦化学工业股份有限公司  股本变动 46
2018-03-28 16:36:21,309 tyc2 MainThread I 北方华锦化学工业股份有限公司  分红情况 41
2018-03-28 16:36:21,856 tyc2 MainThread I 北方华锦化学工业股份有限公司  主要人员 14
2018-03-28 16:36:22,231 tyc2 MainThread I 北方华锦化学工业股份有限公司  股东信息 2
2018-03-28 16:36:22,618 tyc2 MainThread I 北方华锦化学工业股份有限公司  对外投资 5
2018-03-28 16:36:25,622 tyc2 MainThread I 北方华锦化学工业股份有限公司  变更记录 20
2018-03-28 16:36:32,915 tyc2 MainThread I 北方华锦化学工业股份有限公司  企业年报 4
2018-03-28 16:36:33,392 tyc2 MainThread I 北方华锦化学工业股份有限公司  分支机构 4
2018-03-28 16:36:33,777 tyc2 MainThread I 北方华锦化学工业股份有限公司  融资历史 1
2018-03-28 16:36:34,616 tyc2 MainThread I 北方华锦化学工业股份有限公司  企业业务 1
2018-03-28 16:36:35,432 tyc2 MainThread I 北方华锦化学工业股份有限公司  法院公告 5
2018-03-28 16:36:39,989 tyc2 MainThread I 北方华锦化学工业股份有限公司  税务评级 6
2018-03-28 16:36:40,661 tyc2 MainThread I 北方华锦化学工业股份有限公司  抽查检查 1
2018-03-28 16:36:42,505 tyc2 MainThread I  id OK 
2018-03-28 16:36:42,593 tyc2 MainThread I  基本信息 OK 
2018-03-28 16:36:42,598 tyc2 MainThread I  企业简介 OK 
2018-03-28 16:36:42,662 tyc2 MainThread I  高管信息 OK 
2018-03-28 16:36:42,670 tyc2 MainThread I  参股控股 OK 
2018-03-28 16:36:42,718 tyc2 MainThread I  股本变动 OK 
2018-03-28 16:36:42,865 tyc2 MainThread I  分红情况 OK 
2018-03-28 16:36:42,874 tyc2 MainThread I  主要人员 OK 
2018-03-28 16:36:42,877 tyc2 MainThread I  股东信息 OK 
2018-03-28 16:36:42,885 tyc2 MainThread I  对外投资 OK 
2018-03-28 16:36:42,901 tyc2 MainThread I  变更记录 OK 
2018-03-28 16:36:42,935 tyc2 MainThread I  企业年报 OK 
2018-03-28 16:36:42,939 tyc2 MainThread I  分支机构 OK 
2018-03-28 16:36:42,943 tyc2 MainThread I  融资历史 OK 
2018-03-28 16:36:42,946 tyc2 MainThread I  企业业务 OK 
2018-03-28 16:36:42,990 tyc2 MainThread I  法院公告 OK 
2018-03-28 16:36:42,998 tyc2 MainThread I  税务评级 OK 
2018-03-28 16:36:43,000 tyc2 MainThread I  抽查检查 OK 
2018-03-28 16:36:43,347 tyc2 MainThread I  北方华锦化学工业股份有限公司  OK 
2018-03-28 16:37:06,354 tyc2 MainThread I 深圳市中金岭南有色金属股份有限公司  企业简介 1
2018-03-28 16:37:07,226 tyc2 MainThread I 深圳市中金岭南有色金属股份有限公司  高管信息 19
2018-03-28 16:37:09,581 tyc2 MainThread I 深圳市中金岭南有色金属股份有限公司  参股控股 35
2018-03-28 16:37:14,046 tyc2 MainThread I 深圳市中金岭南有色金属股份有限公司  股本变动 68
2018-03-28 16:37:16,020 tyc2 MainThread I 深圳市中金岭南有色金属股份有限公司  分红情况 40
2018-03-28 16:37:16,630 tyc2 MainThread I 深圳市中金岭南有色金属股份有限公司  主要人员 19
2018-03-28 16:37:17,036 tyc2 MainThread I 深圳市中金岭南有色金属股份有限公司  股东信息 2
2018-03-28 16:37:19,351 tyc2 MainThread I 深圳市中金岭南有色金属股份有限公司  对外投资 44
2018-03-28 16:37:35,023 tyc2 MainThread I 深圳市中金岭南有色金属股份有限公司  变更记录 115
2018-03-28 16:37:40,320 tyc2 MainThread I 深圳市中金岭南有色金属股份有限公司  企业年报 3
2018-03-28 16:37:40,860 tyc2 MainThread I 深圳市中金岭南有色金属股份有限公司  分支机构 10
2018-03-28 16:37:41,496 tyc2 MainThread I 深圳市中金岭南有色金属股份有限公司  融资历史 2
2018-03-28 16:37:43,343 tyc2 MainThread I 深圳市中金岭南有色金属股份有限公司  企业业务 1
2018-03-28 16:37:57,687 tyc2 MainThread I 深圳市中金岭南有色金属股份有限公司  招投标 6
2018-03-28 16:37:58,387 tyc2 MainThread I 深圳市中金岭南有色金属股份有限公司  债券信息 1
2018-03-28 16:38:00,510 tyc2 MainThread I 深圳市中金岭南有色金属股份有限公司  税务评级 2
2018-03-28 16:38:21,286 tyc2 MainThread I 深圳市中金岭南有色金属股份有限公司  专利信息 134
2018-03-28 16:38:22,211 tyc2 MainThread I 深圳市中金岭南有色金属股份有限公司  著作权 1
2018-03-28 16:38:23,382 tyc2 MainThread I 深圳市中金岭南有色金属股份有限公司  网站备案 9
2018-03-28 16:38:23,437 tyc2 MainThread I  id OK 
2018-03-28 16:38:23,441 tyc2 MainThread I  基本信息 OK 
2018-03-28 16:38:23,446 tyc2 MainThread I  企业简介 OK 
2018-03-28 16:38:23,524 tyc2 MainThread I  高管信息 OK 
2018-03-28 16:38:23,568 tyc2 MainThread I  参股控股 OK 
2018-03-28 16:38:23,638 tyc2 MainThread I  股本变动 OK 
2018-03-28 16:38:23,809 tyc2 MainThread I  分红情况 OK 
2018-03-28 16:38:23,858 tyc2 MainThread I  主要人员 OK 
2018-03-28 16:38:23,862 tyc2 MainThread I  股东信息 OK 
2018-03-28 16:38:23,944 tyc2 MainThread I  对外投资 OK 
2018-03-28 16:38:24,056 tyc2 MainThread I  变更记录 OK 
2018-03-28 16:38:24,075 tyc2 MainThread I  企业年报 OK 
2018-03-28 16:38:24,084 tyc2 MainThread I  分支机构 OK 
2018-03-28 16:38:24,088 tyc2 MainThread I  融资历史 OK 
2018-03-28 16:38:24,091 tyc2 MainThread I  企业业务 OK 
2018-03-28 16:38:24,107 tyc2 MainThread I  招投标 OK 
2018-03-28 16:38:24,114 tyc2 MainThread I  债券信息 OK 
2018-03-28 16:38:24,117 tyc2 MainThread I  税务评级 OK 
2018-03-28 16:38:24,212 tyc2 MainThread I  专利信息 OK 
2018-03-28 16:38:24,218 tyc2 MainThread I  著作权 OK 
2018-03-28 16:38:24,236 tyc2 MainThread I  网站备案 OK 
2018-03-28 16:38:24,870 tyc2 MainThread I  深圳市中金岭南有色金属股份有限公司  OK 
2018-03-28 16:38:50,920 tyc2 MainThread I 深圳市农产品股份有限公司  企业简介 1
2018-03-28 16:38:52,669 tyc2 MainThread I 深圳市农产品股份有限公司  高管信息 22
2018-03-28 16:38:56,193 tyc2 MainThread I 深圳市农产品股份有限公司  参股控股 50
2018-03-28 16:39:00,543 tyc2 MainThread I 深圳市农产品股份有限公司  股本变动 70
2018-03-28 16:39:02,789 tyc2 MainThread I 深圳市农产品股份有限公司  分红情况 41
2018-03-28 16:39:03,323 tyc2 MainThread I 深圳市农产品股份有限公司  主要人员 18
2018-03-28 16:39:03,657 tyc2 MainThread I 深圳市农产品股份有限公司  股东信息 2
2018-03-28 16:39:08,925 tyc2 MainThread I 深圳市农产品股份有限公司  对外投资 98
2018-03-28 16:39:18,454 tyc2 MainThread I 深圳市农产品股份有限公司  变更记录 79
2018-03-28 16:39:24,400 tyc2 MainThread I 深圳市农产品股份有限公司  企业年报 3
2018-03-28 16:39:25,292 tyc2 MainThread I 深圳市农产品股份有限公司  分支机构 13
2018-03-28 16:39:25,945 tyc2 MainThread I 深圳市农产品股份有限公司  融资历史 2
2018-03-28 16:39:27,210 tyc2 MainThread I 深圳市农产品股份有限公司  企业业务 1
2018-03-28 16:39:31,622 tyc2 MainThread I 深圳市农产品股份有限公司  债券信息 7
2018-03-28 16:39:38,437 tyc2 MainThread I 深圳市农产品股份有限公司  招聘信息 75
2018-03-28 16:39:39,242 tyc2 MainThread I 深圳市农产品股份有限公司  税务评级 2
2018-03-28 16:39:41,404 tyc2 MainThread I 深圳市农产品股份有限公司  专利信息 8
2018-03-28 16:39:42,691 tyc2 MainThread I 深圳市农产品股份有限公司  著作权 8
2018-03-28 16:39:45,222 tyc2 MainThread I 深圳市农产品股份有限公司  网站备案 18
2018-03-28 16:39:45,296 tyc2 MainThread I  id OK 
2018-03-28 16:39:45,302 tyc2 MainThread I  基本信息 OK 
2018-03-28 16:39:45,307 tyc2 MainThread I  企业简介 OK 
2018-03-28 16:39:45,420 tyc2 MainThread I  高管信息 OK 
2018-03-28 16:39:45,495 tyc2 MainThread I  参股控股 OK 
2018-03-28 16:39:45,592 tyc2 MainThread I  股本变动 OK 
2018-03-28 16:39:45,683 tyc2 MainThread I  分红情况 OK 
2018-03-28 16:39:45,705 tyc2 MainThread I  主要人员 OK 
2018-03-28 16:39:45,730 tyc2 MainThread I  股东信息 OK 
2018-03-28 16:39:45,923 tyc2 MainThread I  对外投资 OK 
2018-03-28 16:39:46,025 tyc2 MainThread I  变更记录 OK 
2018-03-28 16:39:46,141 tyc2 MainThread I  企业年报 OK 
2018-03-28 16:39:46,155 tyc2 MainThread I  分支机构 OK 
2018-03-28 16:39:46,160 tyc2 MainThread I  融资历史 OK 
2018-03-28 16:39:46,164 tyc2 MainThread I  企业业务 OK 
2018-03-28 16:39:46,223 tyc2 MainThread I  债券信息 OK 
2018-03-28 16:39:46,548 tyc2 MainThread I  招聘信息 OK 
2018-03-28 16:39:46,551 tyc2 MainThread I  税务评级 OK 
2018-03-28 16:39:46,560 tyc2 MainThread I  专利信息 OK 
2018-03-28 16:39:46,581 tyc2 MainThread I  著作权 OK 
2018-03-28 16:39:46,610 tyc2 MainThread I  网站备案 OK 
2018-03-28 16:39:47,711 tyc2 MainThread I  深圳市农产品股份有限公司  OK 
2018-03-28 16:40:11,232 tyc2 MainThread I 深圳华强实业股份有限公司  企业简介 1
2018-03-28 16:40:12,035 tyc2 MainThread I 深圳华强实业股份有限公司  高管信息 16
2018-03-28 16:40:12,787 tyc2 MainThread I 深圳华强实业股份有限公司  参股控股 12
2018-03-28 16:40:16,038 tyc2 MainThread I 深圳华强实业股份有限公司  股本变动 51
2018-03-28 16:40:19,175 tyc2 MainThread I 深圳华强实业股份有限公司  分红情况 42
2018-03-28 16:40:19,769 tyc2 MainThread I 深圳华强实业股份有限公司  主要人员 12
2018-03-28 16:40:20,209 tyc2 MainThread I 深圳华强实业股份有限公司  股东信息 2
2018-03-28 16:40:20,579 tyc2 MainThread I 深圳华强实业股份有限公司  对外投资 19
2018-03-28 16:40:29,572 tyc2 MainThread I 深圳华强实业股份有限公司  变更记录 77
2018-03-28 16:40:34,952 tyc2 MainThread I 深圳华强实业股份有限公司  企业年报 3
2018-03-28 16:40:35,592 tyc2 MainThread I 深圳华强实业股份有限公司  分支机构 1
2018-03-28 16:40:36,185 tyc2 MainThread I 深圳华强实业股份有限公司  融资历史 1
2018-03-28 16:40:37,596 tyc2 MainThread I 深圳华强实业股份有限公司  企业业务 1
2018-03-28 16:41:17,398 tyc2 MainThread I 深圳华强实业股份有限公司  招聘信息 330
2018-03-28 16:41:18,023 tyc2 MainThread I 深圳华强实业股份有限公司  税务评级 1
2018-03-28 16:41:20,366 tyc2 MainThread I 深圳华强实业股份有限公司  著作权 2
2018-03-28 16:41:21,089 tyc2 MainThread I 深圳华强实业股份有限公司  网站备案 2
2018-03-28 16:41:21,164 tyc2 MainThread I  id OK 
2018-03-28 16:41:21,210 tyc2 MainThread I  基本信息 OK 
2018-03-28 16:41:21,214 tyc2 MainThread I  企业简介 OK 
2018-03-28 16:41:21,291 tyc2 MainThread I  高管信息 OK 
2018-03-28 16:41:21,325 tyc2 MainThread I  参股控股 OK 
2018-03-28 16:41:21,399 tyc2 MainThread I  股本变动 OK 
2018-03-28 16:41:21,490 tyc2 MainThread I  分红情况 OK 
2018-03-28 16:41:21,503 tyc2 MainThread I  主要人员 OK 
2018-03-28 16:41:21,510 tyc2 MainThread I  股东信息 OK 
2018-03-28 16:41:21,551 tyc2 MainThread I  对外投资 OK 
2018-03-28 16:41:21,629 tyc2 MainThread I  变更记录 OK 
2018-03-28 16:41:21,671 tyc2 MainThread I  企业年报 OK 
2018-03-28 16:41:21,674 tyc2 MainThread I  分支机构 OK 
2018-03-28 16:41:21,678 tyc2 MainThread I  融资历史 OK 
2018-03-28 16:41:21,680 tyc2 MainThread I  企业业务 OK 
2018-03-28 16:41:23,195 tyc2 MainThread I  招聘信息 OK 
2018-03-28 16:41:23,198 tyc2 MainThread I  税务评级 OK 
2018-03-28 16:41:23,204 tyc2 MainThread I  著作权 OK 
2018-03-28 16:41:23,208 tyc2 MainThread I  网站备案 OK 
2018-03-28 16:41:24,887 tyc2 MainThread I  深圳华强实业股份有限公司  OK 
2018-03-28 16:41:46,418 tyc2 MainThread I 中兴通讯股份有限公司  企业简介 1
2018-03-28 16:41:47,795 tyc2 MainThread I 中兴通讯股份有限公司  高管信息 24
2018-03-28 16:41:50,375 tyc2 MainThread I 中兴通讯股份有限公司  参股控股 47
2018-03-28 16:41:54,870 tyc2 MainThread I 中兴通讯股份有限公司  股本变动 87
2018-03-28 16:41:57,287 tyc2 MainThread I 中兴通讯股份有限公司  分红情况 40
2018-03-28 16:41:57,966 tyc2 MainThread I 中兴通讯股份有限公司  主要人员 20
2018-03-28 16:41:58,453 tyc2 MainThread I 中兴通讯股份有限公司  股东信息 3
2018-03-28 16:42:05,061 tyc2 MainThread I 中兴通讯股份有限公司  对外投资 112
2018-03-28 16:42:20,060 tyc2 MainThread I 中兴通讯股份有限公司  变更记录 117
2018-03-28 16:42:25,290 tyc2 MainThread I 中兴通讯股份有限公司  企业年报 3
2018-03-28 16:42:27,712 tyc2 MainThread I 中兴通讯股份有限公司  分支机构 40
2018-03-28 16:42:28,357 tyc2 MainThread I 中兴通讯股份有限公司  融资历史 3
2018-03-28 16:42:28,878 tyc2 MainThread I 中兴通讯股份有限公司  核心团队 3
2018-03-28 16:42:29,323 tyc2 MainThread I 中兴通讯股份有限公司  企业业务 1
2018-03-28 16:42:31,006 tyc2 MainThread I 中兴通讯股份有限公司  法院公告 9
2018-03-28 16:42:31,731 tyc2 MainThread I 中兴通讯股份有限公司  被执行人 3
2018-03-28 16:42:34,590 tyc2 MainThread I 中兴通讯股份有限公司  欠税公告 1
2018-03-28 16:44:00,870 tyc2 MainThread E  中兴通讯股份有限公司  FAIL 'NoneType' object has no attribute 'find'
2018-03-28 16:44:11,311 tyc2 MainThread D 200 https://antirobot.tianyancha.com/captcha/verify?return_url=https%3A%2F%2Fwww.tianyancha.com%2Fsearch%3Fkey%3D%25E5%258C%2597%25E6%2596%25B9%25E5%259B%25BD%25E9%2599%2585%25E5%2590%2588%25E4%25BD%259C%25E8%2582%25A1%25E4%25BB%25BD%25E6%259C%2589%25E9%2599%2590%25E5%2585%25AC%25E5%258F%25B8%2B&rnd=
2018-03-28 16:44:11,313 tyc2 MainThread W wait_for_verify start
2018-03-28 16:44:21,460 tyc2 MainThread W wait_for_verify OK
2018-03-28 16:44:32,556 tyc2 MainThread I 北方国际合作股份有限公司  企业简介 1
2018-03-28 16:44:33,168 tyc2 MainThread I 北方国际合作股份有限公司  高管信息 18
2018-03-28 16:44:34,782 tyc2 MainThread I 北方国际合作股份有限公司  参股控股 21
2018-03-28 16:44:37,429 tyc2 MainThread I 北方国际合作股份有限公司  股本变动 49
2018-03-28 16:44:40,271 tyc2 MainThread I 北方国际合作股份有限公司  分红情况 39
2018-03-28 16:44:40,751 tyc2 MainThread I 北方国际合作股份有限公司  主要人员 12
2018-03-28 16:44:41,119 tyc2 MainThread I 北方国际合作股份有限公司  股东信息 2
2018-03-28 16:44:41,467 tyc2 MainThread I 北方国际合作股份有限公司  对外投资 9
2018-03-28 16:44:43,699 tyc2 MainThread I 北方国际合作股份有限公司  变更记录 20
2018-03-28 16:44:50,002 tyc2 MainThread I 北方国际合作股份有限公司  企业年报 4
2018-03-28 16:44:51,014 tyc2 MainThread I 北方国际合作股份有限公司  分支机构 11
2018-03-28 16:44:51,576 tyc2 MainThread I 北方国际合作股份有限公司  融资历史 2
2018-03-28 16:44:52,586 tyc2 MainThread I 北方国际合作股份有限公司  企业业务 1
2018-03-28 16:44:57,768 tyc2 MainThread I 北方国际合作股份有限公司  招投标 2
2018-03-28 16:45:13,675 tyc2 MainThread I 北方国际合作股份有限公司  招聘信息 193
2018-03-28 16:45:14,338 tyc2 MainThread I 北方国际合作股份有限公司  税务评级 1
2018-03-28 16:45:14,876 tyc2 MainThread I 北方国际合作股份有限公司  抽查检查 1
2018-03-28 16:45:18,572 tyc2 MainThread I 北方国际合作股份有限公司  专利信息 33
2018-03-28 16:45:20,020 tyc2 MainThread I 北方国际合作股份有限公司  网站备案 1
2018-03-28 16:45:20,103 tyc2 MainThread I  id OK 
2018-03-28 16:45:20,108 tyc2 MainThread I  基本信息 OK 
2018-03-28 16:45:20,112 tyc2 MainThread I  企业简介 OK 
2018-03-28 16:45:20,177 tyc2 MainThread I  高管信息 OK 
2018-03-28 16:45:20,199 tyc2 MainThread I  参股控股 OK 
2018-03-28 16:45:20,239 tyc2 MainThread I  股本变动 OK 
2018-03-28 16:45:20,298 tyc2 MainThread I  分红情况 OK 
2018-03-28 16:45:20,305 tyc2 MainThread I  主要人员 OK 
2018-03-28 16:45:20,324 tyc2 MainThread I  股东信息 OK 
2018-03-28 16:45:20,364 tyc2 MainThread I  对外投资 OK 
2018-03-28 16:45:20,387 tyc2 MainThread I  变更记录 OK 
2018-03-28 16:45:20,484 tyc2 MainThread I  企业年报 OK 
2018-03-28 16:45:20,532 tyc2 MainThread I  分支机构 OK 
2018-03-28 16:45:20,539 tyc2 MainThread I  融资历史 OK 
2018-03-28 16:45:20,542 tyc2 MainThread I  企业业务 OK 
2018-03-28 16:45:20,547 tyc2 MainThread I  招投标 OK 
2018-03-28 16:45:21,323 tyc2 MainThread I  招聘信息 OK 
2018-03-28 16:45:21,326 tyc2 MainThread I  税务评级 OK 
2018-03-28 16:45:21,328 tyc2 MainThread I  抽查检查 OK 
2018-03-28 16:45:21,351 tyc2 MainThread I  专利信息 OK 
2018-03-28 16:45:21,358 tyc2 MainThread I  网站备案 OK 
2018-03-28 16:45:22,482 tyc2 MainThread I  北方国际合作股份有限公司  OK 
2018-03-28 16:45:46,517 tyc2 MainThread I 中国长城科技集团股份有限公司  企业简介 1
2018-03-28 16:45:47,586 tyc2 MainThread I 中国长城科技集团股份有限公司  高管信息 21
2018-03-28 16:45:48,378 tyc2 MainThread I 中国长城科技集团股份有限公司  参股控股 13
2018-03-28 16:45:51,504 tyc2 MainThread I 中国长城科技集团股份有限公司  股本变动 51
2018-03-28 16:45:54,275 tyc2 MainThread I 中国长城科技集团股份有限公司  分红情况 40
2018-03-28 16:45:54,647 tyc2 MainThread I 中国长城科技集团股份有限公司  主要人员 12
2018-03-28 16:45:54,977 tyc2 MainThread I 中国长城科技集团股份有限公司  股东信息 2
2018-03-28 16:45:56,049 tyc2 MainThread I 中国长城科技集团股份有限公司  对外投资 23
2018-03-28 16:46:13,581 tyc2 MainThread I 中国长城科技集团股份有限公司  变更记录 102
2018-03-28 16:46:20,338 tyc2 MainThread I 中国长城科技集团股份有限公司  企业年报 3
2018-03-28 16:46:20,978 tyc2 MainThread I 中国长城科技集团股份有限公司  分支机构 3
2018-03-28 16:46:21,559 tyc2 MainThread I 中国长城科技集团股份有限公司  融资历史 2
2018-03-28 16:46:22,869 tyc2 MainThread I 中国长城科技集团股份有限公司  企业业务 1
2018-03-28 16:50:31,983 tyc2 MainThread I 中国长城科技集团股份有限公司  招投标 137
2018-03-28 16:50:35,569 tyc2 MainThread I 中国长城科技集团股份有限公司  招聘信息 19
2018-03-28 16:51:30,190 tyc2 MainThread I 中国长城科技集团股份有限公司  专利信息 396
2018-03-28 16:51:34,030 tyc2 MainThread I 中国长城科技集团股份有限公司  著作权 20
2018-03-28 16:51:35,038 tyc2 MainThread I 中国长城科技集团股份有限公司  网站备案 5
2018-03-28 16:51:35,099 tyc2 MainThread I  id OK 
2018-03-28 16:51:35,123 tyc2 MainThread I  基本信息 OK 
2018-03-28 16:51:35,131 tyc2 MainThread I  企业简介 OK 
2018-03-28 16:51:35,227 tyc2 MainThread I  高管信息 OK 
2018-03-28 16:51:35,246 tyc2 MainThread I  参股控股 OK 
2018-03-28 16:51:35,326 tyc2 MainThread I  股本变动 OK 
2018-03-28 16:51:35,421 tyc2 MainThread I  分红情况 OK 
2018-03-28 16:51:35,433 tyc2 MainThread I  主要人员 OK 
2018-03-28 16:51:35,438 tyc2 MainThread I  股东信息 OK 
2018-03-28 16:51:35,494 tyc2 MainThread I  对外投资 OK 
2018-03-28 16:51:35,603 tyc2 MainThread I  变更记录 OK 
2018-03-28 16:51:35,641 tyc2 MainThread I  企业年报 OK 
2018-03-28 16:51:35,647 tyc2 MainThread I  分支机构 OK 
2018-03-28 16:51:35,662 tyc2 MainThread I  融资历史 OK 
2018-03-28 16:51:35,664 tyc2 MainThread I  企业业务 OK 
2018-03-28 16:51:35,840 tyc2 MainThread I  招投标 OK 
2018-03-28 16:51:35,932 tyc2 MainThread I  招聘信息 OK 
2018-03-28 16:51:36,290 tyc2 MainThread I  专利信息 OK 
2018-03-28 16:51:36,348 tyc2 MainThread I  著作权 OK 
2018-03-28 16:51:36,355 tyc2 MainThread I  网站备案 OK 
2018-03-28 16:51:37,677 tyc2 MainThread I  中国长城科技集团股份有限公司  OK 
2018-03-28 16:52:01,654 tyc2 MainThread I 深圳华控赛格股份有限公司  企业简介 1
2018-03-28 16:52:03,343 tyc2 MainThread I 深圳华控赛格股份有限公司  高管信息 21
2018-03-28 16:52:04,185 tyc2 MainThread I 深圳华控赛格股份有限公司  参股控股 19
2018-03-28 16:52:06,780 tyc2 MainThread I 深圳华控赛格股份有限公司  股本变动 42
2018-03-28 16:52:09,628 tyc2 MainThread I 深圳华控赛格股份有限公司  分红情况 41
2018-03-28 16:52:10,239 tyc2 MainThread I 深圳华控赛格股份有限公司  主要人员 15
2018-03-28 16:52:10,785 tyc2 MainThread I 深圳华控赛格股份有限公司  股东信息 2
2018-03-28 16:52:11,342 tyc2 MainThread I 深圳华控赛格股份有限公司  对外投资 13
2018-03-28 16:52:21,897 tyc2 MainThread I 深圳华控赛格股份有限公司  变更记录 76
2018-03-28 16:52:27,632 tyc2 MainThread I 深圳华控赛格股份有限公司  企业年报 3
2018-03-28 16:52:28,027 tyc2 MainThread I 深圳华控赛格股份有限公司  分支机构 1
2018-03-28 16:52:28,422 tyc2 MainThread I 深圳华控赛格股份有限公司  融资历史 1
2018-03-28 16:52:29,962 tyc2 MainThread I 深圳华控赛格股份有限公司  企业业务 1
2018-03-28 16:52:37,523 tyc2 MainThread I 深圳华控赛格股份有限公司  招投标 4
2018-03-28 16:52:40,091 tyc2 MainThread I 深圳华控赛格股份有限公司  招聘信息 20
2018-03-28 16:52:42,070 tyc2 MainThread I 深圳华控赛格股份有限公司  专利信息 4
2018-03-28 16:52:43,380 tyc2 MainThread I 深圳华控赛格股份有限公司  网站备案 1
2018-03-28 16:52:43,435 tyc2 MainThread I  id OK 
2018-03-28 16:52:43,444 tyc2 MainThread I  基本信息 OK 
2018-03-28 16:52:43,455 tyc2 MainThread I  企业简介 OK 
2018-03-28 16:52:43,558 tyc2 MainThread I  高管信息 OK 
2018-03-28 16:52:43,589 tyc2 MainThread I  参股控股 OK 
2018-03-28 16:52:43,652 tyc2 MainThread I  股本变动 OK 
2018-03-28 16:52:43,785 tyc2 MainThread I  分红情况 OK 
2018-03-28 16:52:43,795 tyc2 MainThread I  主要人员 OK 
2018-03-28 16:52:43,799 tyc2 MainThread I  股东信息 OK 
2018-03-28 16:52:43,822 tyc2 MainThread I  对外投资 OK 
2018-03-28 16:52:43,884 tyc2 MainThread I  变更记录 OK 
2018-03-28 16:52:43,938 tyc2 MainThread I  企业年报 OK 
2018-03-28 16:52:43,941 tyc2 MainThread I  分支机构 OK 
2018-03-28 16:52:43,944 tyc2 MainThread I  融资历史 OK 
2018-03-28 16:52:43,946 tyc2 MainThread I  企业业务 OK 
2018-03-28 16:52:43,954 tyc2 MainThread I  招投标 OK 
2018-03-28 16:52:44,049 tyc2 MainThread I  招聘信息 OK 
2018-03-28 16:52:44,054 tyc2 MainThread I  专利信息 OK 
2018-03-28 16:52:44,057 tyc2 MainThread I  网站备案 OK 
2018-03-28 16:52:44,591 tyc2 MainThread I  深圳华控赛格股份有限公司  OK 
2018-03-28 16:53:09,611 tyc2 MainThread I 深圳华侨城股份有限公司  企业简介 1
2018-03-28 16:53:10,270 tyc2 MainThread I 深圳华侨城股份有限公司  高管信息 14
2018-03-28 16:53:13,294 tyc2 MainThread I 深圳华侨城股份有限公司  参股控股 50
2018-03-28 16:53:17,413 tyc2 MainThread I 深圳华侨城股份有限公司  股本变动 71
2018-03-28 16:53:19,340 tyc2 MainThread I 深圳华侨城股份有限公司  分红情况 40
2018-03-28 16:53:19,948 tyc2 MainThread I 深圳华侨城股份有限公司  主要人员 10
2018-03-28 16:53:20,565 tyc2 MainThread I 深圳华侨城股份有限公司  股东信息 2
2018-03-28 16:53:24,087 tyc2 MainThread I 深圳华侨城股份有限公司  对外投资 56
2018-03-28 16:53:39,013 tyc2 MainThread I 深圳华侨城股份有限公司  变更记录 103
2018-03-28 16:53:44,482 tyc2 MainThread D 200 https://antirobot.tianyancha.com/captcha/verify?return_url=https%3A%2F%2Fwww.tianyancha.com%2FreportContent%2F144263052%2F2014&rnd=
2018-03-28 16:53:44,483 tyc2 MainThread W wait_for_verify start
2018-03-28 16:54:04,095 tyc2 MainThread W wait_for_verify OK
2018-03-28 16:54:06,633 tyc2 MainThread I 深圳华侨城股份有限公司  企业年报 3
2018-03-28 16:54:07,035 tyc2 MainThread I 深圳华侨城股份有限公司  分支机构 3
2018-03-28 16:54:07,413 tyc2 MainThread I 深圳华侨城股份有限公司  融资历史 1
2018-03-28 16:54:08,234 tyc2 MainThread I 深圳华侨城股份有限公司  企业业务 2
2018-03-28 16:54:12,158 tyc2 MainThread I 深圳华侨城股份有限公司  招聘信息 3
2018-03-28 16:54:12,406 tyc2 MainThread I 深圳华侨城股份有限公司  税务评级 1
2018-03-28 16:54:12,950 tyc2 MainThread I 深圳华侨城股份有限公司  专利信息 2
2018-03-28 16:54:15,796 tyc2 MainThread I 深圳华侨城股份有限公司  网站备案 26
2018-03-28 16:54:15,817 tyc2 MainThread I  id OK 
2018-03-28 16:54:15,823 tyc2 MainThread I  基本信息 OK 
2018-03-28 16:54:15,859 tyc2 MainThread I  企业简介 OK 
2018-03-28 16:54:15,945 tyc2 MainThread I  高管信息 OK 
2018-03-28 16:54:16,041 tyc2 MainThread I  参股控股 OK 
2018-03-28 16:54:16,185 tyc2 MainThread I  股本变动 OK 
2018-03-28 16:54:16,324 tyc2 MainThread I  分红情况 OK 
2018-03-28 16:54:16,332 tyc2 MainThread I  主要人员 OK 
2018-03-28 16:54:16,337 tyc2 MainThread I  股东信息 OK 
2018-03-28 16:54:16,450 tyc2 MainThread I  对外投资 OK 
2018-03-28 16:54:16,573 tyc2 MainThread I  变更记录 OK 
2018-03-28 16:54:16,615 tyc2 MainThread I  企业年报 OK 
2018-03-28 16:54:16,623 tyc2 MainThread I  分支机构 OK 
2018-03-28 16:54:16,628 tyc2 MainThread I  融资历史 OK 
2018-03-28 16:54:16,636 tyc2 MainThread I  企业业务 OK 
2018-03-28 16:54:16,659 tyc2 MainThread I  招聘信息 OK 
2018-03-28 16:54:16,664 tyc2 MainThread I  税务评级 OK 
2018-03-28 16:54:16,670 tyc2 MainThread I  专利信息 OK 
2018-03-28 16:54:16,728 tyc2 MainThread I  网站备案 OK 
2018-03-28 16:54:17,579 tyc2 MainThread I  深圳华侨城股份有限公司  OK 
2018-03-28 16:54:42,462 tyc2 MainThread I 深圳市特发信息股份有限公司  企业简介 1
2018-03-28 16:54:43,249 tyc2 MainThread I 深圳市特发信息股份有限公司  高管信息 15
2018-03-28 16:54:44,164 tyc2 MainThread I 深圳市特发信息股份有限公司  参股控股 20
2018-03-28 16:54:46,997 tyc2 MainThread I 深圳市特发信息股份有限公司  股本变动 44
2018-03-28 16:54:49,612 tyc2 MainThread I 深圳市特发信息股份有限公司  分红情况 35
2018-03-28 16:54:50,234 tyc2 MainThread I 深圳市特发信息股份有限公司  主要人员 12
2018-03-28 16:54:50,598 tyc2 MainThread I 深圳市特发信息股份有限公司  股东信息 2
2018-03-28 16:54:51,269 tyc2 MainThread I 深圳市特发信息股份有限公司  对外投资 18
2018-03-28 16:55:03,208 tyc2 MainThread I 深圳市特发信息股份有限公司  变更记录 80
2018-03-28 16:55:09,770 tyc2 MainThread I 深圳市特发信息股份有限公司  企业年报 3
2018-03-28 16:55:10,324 tyc2 MainThread I 深圳市特发信息股份有限公司  分支机构 6
2018-03-28 16:55:10,881 tyc2 MainThread I 深圳市特发信息股份有限公司  融资历史 1
2018-03-28 16:55:12,365 tyc2 MainThread I 深圳市特发信息股份有限公司  企业业务 1
2018-03-28 16:55:19,446 tyc2 MainThread I 深圳市特发信息股份有限公司  招投标 3
2018-03-28 16:55:30,203 tyc2 MainThread I 深圳市特发信息股份有限公司  招聘信息 78
2018-03-28 16:55:31,050 tyc2 MainThread I 深圳市特发信息股份有限公司  税务评级 2
2018-03-28 16:55:45,477 tyc2 MainThread I 深圳市特发信息股份有限公司  专利信息 109
2018-03-28 16:55:46,486 tyc2 MainThread I 深圳市特发信息股份有限公司  著作权 1
2018-03-28 16:55:47,174 tyc2 MainThread I 深圳市特发信息股份有限公司  网站备案 1
2018-03-28 16:55:47,200 tyc2 MainThread I  id OK 
2018-03-28 16:55:47,275 tyc2 MainThread I  基本信息 OK 
2018-03-28 16:55:47,280 tyc2 MainThread I  企业简介 OK 
2018-03-28 16:55:47,342 tyc2 MainThread I  高管信息 OK 
2018-03-28 16:55:47,368 tyc2 MainThread I  参股控股 OK 
2018-03-28 16:55:47,422 tyc2 MainThread I  股本变动 OK 
2018-03-28 16:55:47,529 tyc2 MainThread I  分红情况 OK 
2018-03-28 16:55:47,537 tyc2 MainThread I  主要人员 OK 
2018-03-28 16:55:47,540 tyc2 MainThread I  股东信息 OK 
2018-03-28 16:55:47,574 tyc2 MainThread I  对外投资 OK 
2018-03-28 16:55:47,626 tyc2 MainThread I  变更记录 OK 
2018-03-28 16:55:47,669 tyc2 MainThread I  企业年报 OK 
2018-03-28 16:55:47,684 tyc2 MainThread I  分支机构 OK 
2018-03-28 16:55:47,729 tyc2 MainThread I  融资历史 OK 
2018-03-28 16:55:47,733 tyc2 MainThread I  企业业务 OK 
2018-03-28 16:55:47,742 tyc2 MainThread I  招投标 OK 
2018-03-28 16:55:48,202 tyc2 MainThread I  招聘信息 OK 
2018-03-28 16:55:48,207 tyc2 MainThread I  税务评级 OK 
2018-03-28 16:55:48,325 tyc2 MainThread I  专利信息 OK 
2018-03-28 16:55:48,330 tyc2 MainThread I  著作权 OK 
2018-03-28 16:55:48,333 tyc2 MainThread I  网站备案 OK 
2018-03-28 16:55:49,151 tyc2 MainThread I  深圳市特发信息股份有限公司  OK 
2018-03-28 16:56:11,777 tyc2 MainThread I 深圳市海王生物工程股份有限公司  企业简介 1
2018-03-28 16:56:12,278 tyc2 MainThread I 深圳市海王生物工程股份有限公司  高管信息 11
2018-03-28 16:56:14,868 tyc2 MainThread I 深圳市海王生物工程股份有限公司  参股控股 50
2018-03-28 16:56:17,748 tyc2 MainThread I 深圳市海王生物工程股份有限公司  股本变动 58
2018-03-28 16:56:20,896 tyc2 MainThread I 深圳市海王生物工程股份有限公司  分红情况 41
2018-03-28 16:56:21,400 tyc2 MainThread I 深圳市海王生物工程股份有限公司  主要人员 10
2018-03-28 16:56:21,733 tyc2 MainThread I 深圳市海王生物工程股份有限公司  股东信息 2
2018-03-28 16:56:22,632 tyc2 MainThread I 深圳市海王生物工程股份有限公司  对外投资 23
2018-03-28 16:56:39,429 tyc2 MainThread I 深圳市海王生物工程股份有限公司  变更记录 117
2018-03-28 16:56:44,792 tyc2 MainThread I 深圳市海王生物工程股份有限公司  企业年报 3
2018-03-28 16:56:45,249 tyc2 MainThread I 深圳市海王生物工程股份有限公司  分支机构 4
2018-03-28 16:56:45,678 tyc2 MainThread I 深圳市海王生物工程股份有限公司  融资历史 1
2018-03-28 16:56:46,736 tyc2 MainThread I 深圳市海王生物工程股份有限公司  企业业务 1
2018-03-28 16:57:19,348 tyc2 MainThread I 深圳市海王生物工程股份有限公司  招聘信息 330
2018-03-28 16:57:20,129 tyc2 MainThread I 深圳市海王生物工程股份有限公司  税务评级 3
2018-03-28 16:57:21,529 tyc2 MainThread I 深圳市海王生物工程股份有限公司  专利信息 1
2018-03-28 16:57:22,615 tyc2 MainThread I  id OK 
2018-03-28 16:57:22,619 tyc2 MainThread I  基本信息 OK 
2018-03-28 16:57:22,782 tyc2 MainThread I  企业简介 OK 
2018-03-28 16:57:22,818 tyc2 MainThread I  高管信息 OK 
2018-03-28 16:57:22,879 tyc2 MainThread I  参股控股 OK 
2018-03-28 16:57:22,930 tyc2 MainThread I  股本变动 OK 
2018-03-28 16:57:23,130 tyc2 MainThread I  分红情况 OK 
2018-03-28 16:57:23,135 tyc2 MainThread I  主要人员 OK 
2018-03-28 16:57:23,137 tyc2 MainThread I  股东信息 OK 
2018-03-28 16:57:23,164 tyc2 MainThread I  对外投资 OK 
2018-03-28 16:57:23,236 tyc2 MainThread I  变更记录 OK 
2018-03-28 16:57:23,253 tyc2 MainThread I  企业年报 OK 
2018-03-28 16:57:23,257 tyc2 MainThread I  分支机构 OK 
2018-03-28 16:57:23,259 tyc2 MainThread I  融资历史 OK 
2018-03-28 16:57:23,261 tyc2 MainThread I  企业业务 OK 
2018-03-28 16:57:24,438 tyc2 MainThread I  招聘信息 OK 
2018-03-28 16:57:24,441 tyc2 MainThread I  税务评级 OK 
2018-03-28 16:57:24,443 tyc2 MainThread I  专利信息 OK 
2018-03-28 16:57:26,928 tyc2 MainThread I  深圳市海王生物工程股份有限公司  OK 
2018-03-28 16:57:47,382 tyc2 MainThread I 深圳市盐田港股份有限公司  企业简介 1
2018-03-28 16:57:47,925 tyc2 MainThread I 深圳市盐田港股份有限公司  高管信息 16
2018-03-28 16:57:48,385 tyc2 MainThread I 深圳市盐田港股份有限公司  参股控股 15
2018-03-28 16:57:50,396 tyc2 MainThread I 深圳市盐田港股份有限公司  股本变动 43
2018-03-28 16:57:51,971 tyc2 MainThread I 深圳市盐田港股份有限公司  分红情况 40
2018-03-28 16:57:52,139 tyc2 MainThread I 深圳市盐田港股份有限公司  主要人员 12
2018-03-28 16:57:52,311 tyc2 MainThread I 深圳市盐田港股份有限公司  股东信息 2
2018-03-28 16:57:52,499 tyc2 MainThread I 深圳市盐田港股份有限公司  对外投资 16
2018-03-28 16:57:58,612 tyc2 MainThread I 深圳市盐田港股份有限公司  变更记录 60
2018-03-28 16:58:03,524 tyc2 MainThread I 深圳市盐田港股份有限公司  企业年报 3
2018-03-28 16:58:04,327 tyc2 MainThread I 深圳市盐田港股份有限公司  融资历史 1
2018-03-28 16:58:05,073 tyc2 MainThread I 深圳市盐田港股份有限公司  企业业务 1
2018-03-28 16:58:08,694 tyc2 MainThread I 深圳市盐田港股份有限公司  招聘信息 5
2018-03-28 16:58:08,962 tyc2 MainThread I 深圳市盐田港股份有限公司  税务评级 1
2018-03-28 16:58:10,158 tyc2 MainThread I 深圳市盐田港股份有限公司  网站备案 1
2018-03-28 16:58:10,165 tyc2 MainThread I  id OK 
2018-03-28 16:58:10,167 tyc2 MainThread I  基本信息 OK 
2018-03-28 16:58:10,169 tyc2 MainThread I  企业简介 OK 
2018-03-28 16:58:10,205 tyc2 MainThread I  高管信息 OK 
2018-03-28 16:58:10,216 tyc2 MainThread I  参股控股 OK 
2018-03-28 16:58:10,238 tyc2 MainThread I  股本变动 OK 
2018-03-28 16:58:10,277 tyc2 MainThread I  分红情况 OK 
2018-03-28 16:58:10,281 tyc2 MainThread I  主要人员 OK 
2018-03-28 16:58:10,283 tyc2 MainThread I  股东信息 OK 
2018-03-28 16:58:10,294 tyc2 MainThread I  对外投资 OK 
2018-03-28 16:58:10,320 tyc2 MainThread I  变更记录 OK 
2018-03-28 16:58:10,333 tyc2 MainThread I  企业年报 OK 
2018-03-28 16:58:10,335 tyc2 MainThread I  融资历史 OK 
2018-03-28 16:58:10,337 tyc2 MainThread I  企业业务 OK 
2018-03-28 16:58:10,351 tyc2 MainThread I  招聘信息 OK 
2018-03-28 16:58:10,353 tyc2 MainThread I  税务评级 OK 
2018-03-28 16:58:10,354 tyc2 MainThread I  网站备案 OK 
2018-03-28 16:58:10,580 tyc2 MainThread I  深圳市盐田港股份有限公司  OK 
2018-03-28 16:58:31,401 tyc2 MainThread I 深圳市机场股份有限公司  企业简介 1
2018-03-28 16:58:32,008 tyc2 MainThread I 深圳市机场股份有限公司  高管信息 17
2018-03-28 16:58:32,877 tyc2 MainThread I 深圳市机场股份有限公司  参股控股 11
2018-03-28 16:58:35,540 tyc2 MainThread I 深圳市机场股份有限公司  股本变动 49
2018-03-28 16:58:37,712 tyc2 MainThread I 深圳市机场股份有限公司  分红情况 38
2018-03-28 16:58:38,175 tyc2 MainThread I 深圳市机场股份有限公司  主要人员 12
2018-03-28 16:58:38,528 tyc2 MainThread I 深圳市机场股份有限公司  股东信息 2
2018-03-28 16:58:38,885 tyc2 MainThread I 深圳市机场股份有限公司  对外投资 18
2018-03-28 16:58:45,570 tyc2 MainThread I 深圳市机场股份有限公司  变更记录 58
2018-03-28 16:58:50,913 tyc2 MainThread I 深圳市机场股份有限公司  企业年报 3
2018-03-28 16:58:51,330 tyc2 MainThread I 深圳市机场股份有限公司  分支机构 2
2018-03-28 16:58:51,710 tyc2 MainThread I 深圳市机场股份有限公司  融资历史 1
2018-03-28 16:58:52,650 tyc2 MainThread I 深圳市机场股份有限公司  企业业务 1
2018-03-28 16:58:53,558 tyc2 MainThread I 深圳市机场股份有限公司  法院公告 1
2018-03-28 16:58:56,458 tyc2 MainThread I 深圳市机场股份有限公司  债券信息 3
2018-03-28 16:59:00,441 tyc2 MainThread I 深圳市机场股份有限公司  招聘信息 53
2018-03-28 16:59:01,070 tyc2 MainThread I 深圳市机场股份有限公司  税务评级 1
2018-03-28 16:59:02,412 tyc2 MainThread I 深圳市机场股份有限公司  专利信息 3
2018-03-28 16:59:03,518 tyc2 MainThread I  id OK 
2018-03-28 16:59:03,522 tyc2 MainThread I  基本信息 OK 
2018-03-28 16:59:03,525 tyc2 MainThread I  企业简介 OK 
2018-03-28 16:59:03,579 tyc2 MainThread I  高管信息 OK 
2018-03-28 16:59:03,590 tyc2 MainThread I  参股控股 OK 
2018-03-28 16:59:03,626 tyc2 MainThread I  股本变动 OK 
2018-03-28 16:59:03,679 tyc2 MainThread I  分红情况 OK 
2018-03-28 16:59:03,685 tyc2 MainThread I  主要人员 OK 
2018-03-28 16:59:03,687 tyc2 MainThread I  股东信息 OK 
2018-03-28 16:59:03,704 tyc2 MainThread I  对外投资 OK 
2018-03-28 16:59:03,737 tyc2 MainThread I  变更记录 OK 
2018-03-28 16:59:03,754 tyc2 MainThread I  企业年报 OK 
2018-03-28 16:59:03,757 tyc2 MainThread I  分支机构 OK 
2018-03-28 16:59:03,759 tyc2 MainThread I  融资历史 OK 
2018-03-28 16:59:03,761 tyc2 MainThread I  企业业务 OK 
2018-03-28 16:59:03,767 tyc2 MainThread I  法院公告 OK 
2018-03-28 16:59:03,782 tyc2 MainThread I  债券信息 OK 
2018-03-28 16:59:04,006 tyc2 MainThread I  招聘信息 OK 
2018-03-28 16:59:04,009 tyc2 MainThread I  税务评级 OK 
2018-03-28 16:59:04,013 tyc2 MainThread I  专利信息 OK 
2018-03-28 16:59:04,511 tyc2 MainThread I  深圳市机场股份有限公司  OK 
2018-03-28 16:59:33,255 tyc2 MainThread I 深圳市天健(集团)股份有限公司  企业简介 1
2018-03-28 16:59:34,078 tyc2 MainThread I 深圳市天健(集团)股份有限公司  高管信息 16
2018-03-28 16:59:37,230 tyc2 MainThread I 深圳市天健(集团)股份有限公司  参股控股 50
2018-03-28 16:59:40,470 tyc2 MainThread I 深圳市天健(集团)股份有限公司  股本变动 49
2018-03-28 16:59:42,903 tyc2 MainThread I 深圳市天健(集团)股份有限公司  分红情况 37
2018-03-28 16:59:43,378 tyc2 MainThread I 深圳市天健(集团)股份有限公司  主要人员 12
2018-03-28 16:59:43,745 tyc2 MainThread I 深圳市天健(集团)股份有限公司  股东信息 2
2018-03-28 16:59:44,924 tyc2 MainThread I 深圳市天健(集团)股份有限公司  对外投资 25
2018-03-28 16:59:56,332 tyc2 MainThread I 深圳市天健(集团)股份有限公司  变更记录 87
2018-03-28 17:00:02,785 tyc2 MainThread I 深圳市天健(集团)股份有限公司  企业年报 3
2018-03-28 17:00:03,244 tyc2 MainThread I 深圳市天健(集团)股份有限公司  分支机构 1
2018-03-28 17:00:03,729 tyc2 MainThread I 深圳市天健(集团)股份有限公司  融资历史 3
2018-03-28 17:00:04,732 tyc2 MainThread I 深圳市天健(集团)股份有限公司  企业业务 1
2018-03-28 17:00:10,528 tyc2 MainThread I 深圳市天健(集团)股份有限公司  招聘信息 22
2018-03-28 17:00:12,277 tyc2 MainThread I 深圳市天健(集团)股份有限公司  抽查检查 1
2018-03-28 17:00:14,100 tyc2 MainThread I 深圳市天健(集团)股份有限公司  网站备案 4
2018-03-28 17:00:14,112 tyc2 MainThread I  id OK 
2018-03-28 17:00:14,115 tyc2 MainThread I  基本信息 OK 
2018-03-28 17:00:14,119 tyc2 MainThread I  企业简介 OK 
2018-03-28 17:00:14,176 tyc2 MainThread I  高管信息 OK 
2018-03-28 17:00:14,231 tyc2 MainThread I  参股控股 OK 
2018-03-28 17:00:14,267 tyc2 MainThread I  股本变动 OK 
2018-03-28 17:00:14,326 tyc2 MainThread I  分红情况 OK 
2018-03-28 17:00:14,332 tyc2 MainThread I  主要人员 OK 
2018-03-28 17:00:14,335 tyc2 MainThread I  股东信息 OK 
2018-03-28 17:00:14,357 tyc2 MainThread I  对外投资 OK 
2018-03-28 17:00:14,450 tyc2 MainThread I  变更记录 OK 
2018-03-28 17:00:14,480 tyc2 MainThread I  企业年报 OK 
2018-03-28 17:00:14,491 tyc2 MainThread I  分支机构 OK 
2018-03-28 17:00:14,500 tyc2 MainThread I  融资历史 OK 
2018-03-28 17:00:14,503 tyc2 MainThread I  企业业务 OK 
2018-03-28 17:00:14,597 tyc2 MainThread I  招聘信息 OK 
2018-03-28 17:00:14,599 tyc2 MainThread I  抽查检查 OK 
2018-03-28 17:00:14,605 tyc2 MainThread I  网站备案 OK 
2018-03-28 17:00:15,115 tyc2 MainThread I  深圳市天健(集团)股份有限公司  OK 
